<!DOCTYPE html>
<html>
  <head>
    <meta charset="utf-8"/>
    <title id="head-title">report.html</title>
      <link href="assets/style.css" rel="stylesheet" type="text/css"/>
  </head>
  <body>
    <h1 id="title">report.html</h1>
    <p>Report generated on 29-Nov-2023 at 09:39:54 by <a href="https://pypi.python.org/pypi/pytest-html">pytest-html</a>
        v4.0.2</p>
    <div id="environment-header">
      <h2>Environment</h2>
    </div>
    <table id="environment"></table>
    <!-- TEMPLATES -->
      <template id="template_environment_row">
      <tr>
        <td></td>
        <td></td>
      </tr>
    </template>
    <template id="template_results-table__body--empty">
      <tbody class="results-table-row">
        <tr id="not-found-message">
          <td colspan="4">No results found. Check the filters.</th>
        </tr>
    </template>
    <template id="template_results-table__tbody">
      <tbody class="results-table-row">
        <tr class="collapsible">
        </tr>
        <tr class="extras-row">
          <td class="extra" colspan="4">
            <div class="extraHTML"></div>
            <div class="media">
              <div class="media-container">
                  <div class="media-container__nav--left"><</div>
                  <div class="media-container__viewport">
                    <img src="" />
                    <video controls>
                      <source src="" type="video/mp4">
                    </video>
                  </div>
                  <div class="media-container__nav--right">></div>
                </div>
                <div class="media__name"></div>
                <div class="media__counter"></div>
            </div>
            <div class="logwrapper">
              <div class="logexpander"></div>
              <div class="log"></div>
            </div>
          </td>
        </tr>
      </tbody>
    </template>
    <!-- END TEMPLATES -->
    <div class="summary">
      <div class="summary__data">
        <h2>Summary</h2>
        <div class="additional-summary prefix">
        </div>
        <p class="run-count">34 tests took 00:17:41.</p>
        <p class="filter">(Un)check the boxes to filter the results.</p>
        <div class="summary__reload">
          <div class="summary__reload__button hidden" onclick="location.reload()">
            <div>There are still tests running. <br />Reload this page to ge the latest results!</div>
          </div>
        </div>
        <div class="summary__spacer"></div>
        <div class="controls">
          <div class="filters">
            <input checked="true" class="filter" name="filter_checkbox" type="checkbox" data-test-result="failed" />
            <span class="failed">8 Failed,</span>
            <input checked="true" class="filter" name="filter_checkbox" type="checkbox" data-test-result="passed" />
            <span class="passed">26 Passed,</span>
            <input checked="true" class="filter" name="filter_checkbox" type="checkbox" data-test-result="skipped" disabled/>
            <span class="skipped">0 Skipped,</span>
            <input checked="true" class="filter" name="filter_checkbox" type="checkbox" data-test-result="xfailed" disabled/>
            <span class="xfailed">0 Expected failures,</span>
            <input checked="true" class="filter" name="filter_checkbox" type="checkbox" data-test-result="xpassed" disabled/>
            <span class="xpassed">0 Unexpected passes,</span>
            <input checked="true" class="filter" name="filter_checkbox" type="checkbox" data-test-result="error" disabled/>
            <span class="error">0 Errors,</span>
            <input checked="true" class="filter" name="filter_checkbox" type="checkbox" data-test-result="rerun" disabled/>
            <span class="rerun">0 Reruns</span>
          </div>
          <div class="collapse">
            <button id="show_all_details">Show all details</button>&nbsp;/&nbsp;<button id="hide_all_details">Hide all details</button>
          </div>
        </div>
      </div>
      <div class="additional-summary summary">
      </div>
      <div class="additional-summary postfix">
      </div>
    </div>
    <table id="results-table">
      <thead id="results-table-head">
        <tr>
          <th class="sortable" data-column-type="result">Result</th>
          <th class="sortable" data-column-type="testId">Test</th>
          <th class="sortable" data-column-type="duration">Duration</th>
          <th>Links</th>
        </tr>
      </thead>
    </table>
  </body>
  <footer>
    <div id="data-container" data-jsonblob="{&#34;environment&#34;: {&#34;Python&#34;: &#34;3.9.6&#34;, &#34;Platform&#34;: &#34;macOS-14.1.1-x86_64-i386-64bit&#34;, &#34;Packages&#34;: {&#34;pytest&#34;: &#34;7.4.2&#34;, &#34;pluggy&#34;: &#34;1.3.0&#34;}, &#34;Plugins&#34;: {&#34;html&#34;: &#34;4.0.2&#34;, &#34;metadata&#34;: &#34;3.0.0&#34;}}, &#34;tests&#34;: {&#34;Tests/Scripts/test_add_centre.py::TestAddCentre::test_add_centre&#34;: [{&#34;extras&#34;: [], &#34;result&#34;: &#34;Passed&#34;, &#34;testId&#34;: &#34;Tests/Scripts/test_add_centre.py::TestAddCentre::test_add_centre&#34;, &#34;duration&#34;: &#34;00:00:30&#34;, &#34;resultsTableRow&#34;: [&#34;&lt;td class=\&#34;col-result\&#34;&gt;Passed&lt;/td&gt;&#34;, &#34;&lt;td class=\&#34;col-testId\&#34;&gt;Tests/Scripts/test_add_centre.py::TestAddCentre::test_add_centre&lt;/td&gt;&#34;, &#34;&lt;td class=\&#34;col-duration\&#34;&gt;00:00:30&lt;/td&gt;&#34;, &#34;&lt;td class=\&#34;col-links\&#34;&gt;&lt;/td&gt;&#34;], &#34;log&#34;: &#34;---------------------------- Captured stdout setup -----------------------------\nRun started at : 2023-11-29 09:22:18.162894\nTest Environment Set Up\n-----------------------\n\n----------------------------- Captured stdout call -----------------------------\nSuccessfully created a new centre!\n--------------------------- Captured stdout teardown ---------------------------\n---------------------\nTest Environment Destroyed\nRun Completed at: 2023-11-29 09:23:05.461933\n&#34;}], &#34;Tests/Scripts/test_add_cms_user.py::TestAddCMSUser::test_add_cms_user&#34;: [{&#34;extras&#34;: [], &#34;result&#34;: &#34;Failed&#34;, &#34;testId&#34;: &#34;Tests/Scripts/test_add_cms_user.py::TestAddCMSUser::test_add_cms_user&#34;, &#34;duration&#34;: &#34;00:00:24&#34;, &#34;resultsTableRow&#34;: [&#34;&lt;td class=\&#34;col-result\&#34;&gt;Failed&lt;/td&gt;&#34;, &#34;&lt;td class=\&#34;col-testId\&#34;&gt;Tests/Scripts/test_add_cms_user.py::TestAddCMSUser::test_add_cms_user&lt;/td&gt;&#34;, &#34;&lt;td class=\&#34;col-duration\&#34;&gt;00:00:24&lt;/td&gt;&#34;, &#34;&lt;td class=\&#34;col-links\&#34;&gt;&lt;/td&gt;&#34;], &#34;log&#34;: &#34;self = &amp;lt;Tests.Scripts.test_add_cms_user.TestAddCMSUser object at 0x10b0f8970&amp;gt;\ntest_login = &amp;lt;selenium.webdriver.chrome.webdriver.WebDriver (session=\&#34;f803e15e70a7bd7289105f6328dcd273\&#34;)&amp;gt;\n\n    def test_add_cms_user(self, test_login):\n        driver = test_login\n    \n    \n        # Add CMS User\n        driver.find_element(By.XPATH, Locator.manage_dropdown).click()\n        sleep(2)\n    \n        # Hover and click on element\n        users_d = driver.find_element(By.XPATH, Locator.cms_users_dropdown)\n        all_users = driver.find_element(By.XPATH, Locator.all_cms_users)\n        hover = ActionChains(driver).move_to_element(users_d).move_to_element(all_users).click()\n        hover.perform()\n    \n        driver.find_element(By.XPATH, Locator.add_cms_user_button).click()\n    \n        add_firstname = driver.find_element(By.XPATH, Locator.add_cms_first_name)\n        add_firstname.send_keys(TestData.cms_user_firstname)\n    \n        add_lastname = driver.find_element(By.XPATH, Locator.add_cms_last_name)\n        add_lastname.send_keys(TestData.cms_user_lastname)\n    \n        add_email = driver.find_element(By.XPATH, Locator.add_cms_email)\n        add_email.send_keys(TestData.cms_user_email)\n    \n&amp;gt;       driver.find_element(By.XPATH, Locator.add_cms_role_toggle).click()\n\nTests/Scripts/test_add_cms_user.py:39: \n_ _ _ _ _ _ _ _ _ _ _ _ _ _ _ _ _ _ _ _ _ _ _ _ _ _ _ _ _ _ _ _ _ _ _ _ _ _ _ _ _ _ _ _ _ _ _ _ _ _ _ _ _ _ _ _ \nvenv/lib/python3.9/site-packages/selenium/webdriver/remote/webelement.py:93: in click\n    self._execute(Command.CLICK_ELEMENT)\nvenv/lib/python3.9/site-packages/selenium/webdriver/remote/webelement.py:394: in _execute\n    return self._parent.execute(command, params)\nvenv/lib/python3.9/site-packages/selenium/webdriver/remote/webdriver.py:344: in execute\n    self.error_handler.check_response(response)\n_ _ _ _ _ _ _ _ _ _ _ _ _ _ _ _ _ _ _ _ _ _ _ _ _ _ _ _ _ _ _ _ _ _ _ _ _ _ _ _ _ _ _ _ _ _ _ _ _ _ _ _ _ _ _ _ \n\nself = &amp;lt;selenium.webdriver.remote.errorhandler.ErrorHandler object at 0x10b1552b0&amp;gt;\nresponse = {&#39;status&#39;: 400, &#39;value&#39;: &#39;{\&#34;value\&#34;:{\&#34;error\&#34;:\&#34;element not interactable\&#34;,\&#34;message\&#34;:\&#34;element not interactable\\\\n  (Sessio...7ff80592c202 _pthread_start + 99\\\\n21  libsystem_pthread.dylib             0x00007ff805927bab thread_start + 15\\\\n\&#34;}}&#39;}\n\n    def check_response(self, response: Dict[str, Any]) -&amp;gt; None:\n        \&#34;\&#34;\&#34;Checks that a JSON response from the WebDriver does not have an\n        error.\n    \n        :Args:\n         - response - The JSON response from the WebDriver server as a dictionary\n           object.\n    \n        :Raises: If the response contains an error message.\n        \&#34;\&#34;\&#34;\n        status = response.get(\&#34;status\&#34;, None)\n        if not status or status == ErrorCode.SUCCESS:\n            return\n        value = None\n        message = response.get(\&#34;message\&#34;, \&#34;\&#34;)\n        screen: str = response.get(\&#34;screen\&#34;, \&#34;\&#34;)\n        stacktrace = None\n        if isinstance(status, int):\n            value_json = response.get(\&#34;value\&#34;, None)\n            if value_json and isinstance(value_json, str):\n                import json\n    \n                try:\n                    value = json.loads(value_json)\n                    if len(value) == 1:\n                        value = value[\&#34;value\&#34;]\n                    status = value.get(\&#34;error\&#34;, None)\n                    if not status:\n                        status = value.get(\&#34;status\&#34;, ErrorCode.UNKNOWN_ERROR)\n                        message = value.get(\&#34;value\&#34;) or value.get(\&#34;message\&#34;)\n                        if not isinstance(message, str):\n                            value = message\n                            message = message.get(\&#34;message\&#34;)\n                    else:\n                        message = value.get(\&#34;message\&#34;, None)\n                except ValueError:\n                    pass\n    \n        exception_class: Type[WebDriverException]\n        e = ErrorCode()\n        error_codes = [item for item in dir(e) if not item.startswith(\&#34;__\&#34;)]\n        for error_code in error_codes:\n            error_info = getattr(ErrorCode, error_code)\n            if isinstance(error_info, list) and status in error_info:\n                exception_class = getattr(ExceptionMapping, error_code, WebDriverException)\n                break\n        else:\n            exception_class = WebDriverException\n    \n        if not value:\n            value = response[\&#34;value\&#34;]\n        if isinstance(value, str):\n            raise exception_class(value)\n        if message == \&#34;\&#34; and \&#34;message\&#34; in value:\n            message = value[\&#34;message\&#34;]\n    \n        screen = None  # type: ignore[assignment]\n        if \&#34;screen\&#34; in value:\n            screen = value[\&#34;screen\&#34;]\n    \n        stacktrace = None\n        st_value = value.get(\&#34;stackTrace\&#34;) or value.get(\&#34;stacktrace\&#34;)\n        if st_value:\n            if isinstance(st_value, str):\n                stacktrace = st_value.split(\&#34;\\n\&#34;)\n            else:\n                stacktrace = []\n                try:\n                    for frame in st_value:\n                        line = frame.get(\&#34;lineNumber\&#34;, \&#34;\&#34;)\n                        file = frame.get(\&#34;fileName\&#34;, \&#34;&amp;lt;anonymous&amp;gt;\&#34;)\n                        if line:\n                            file = f\&#34;{file}:{line}\&#34;\n                        meth = frame.get(\&#34;methodName\&#34;, \&#34;&amp;lt;anonymous&amp;gt;\&#34;)\n                        if \&#34;className\&#34; in frame:\n                            meth = f\&#34;{frame[&#39;className&#39;]}.{meth}\&#34;\n                        msg = \&#34;    at %s (%s)\&#34;\n                        msg = msg % (meth, file)\n                        stacktrace.append(msg)\n                except TypeError:\n                    pass\n        if exception_class == UnexpectedAlertPresentException:\n            alert_text = None\n            if \&#34;data\&#34; in value:\n                alert_text = value[\&#34;data\&#34;].get(\&#34;text\&#34;)\n            elif \&#34;alert\&#34; in value:\n                alert_text = value[\&#34;alert\&#34;].get(\&#34;text\&#34;)\n            raise exception_class(message, screen, stacktrace, alert_text)  # type: ignore[call-arg]  # mypy is not smart enough here\n&amp;gt;       raise exception_class(message, screen, stacktrace)\nE       selenium.common.exceptions.ElementNotInteractableException: Message: element not interactable\nE         (Session info: chrome=119.0.6045.159)\nE       Stacktrace:\nE       0   chromedriver                        0x000000010319fd28 chromedriver + 4795688\nE       1   chromedriver                        0x00000001031972b3 chromedriver + 4760243\nE       2   chromedriver                        0x0000000102d706bd chromedriver + 407229\nE       3   chromedriver                        0x0000000102dc0b43 chromedriver + 736067\nE       4   chromedriver                        0x0000000102db33fa chromedriver + 680954\nE       5   chromedriver                        0x0000000102de6ca2 chromedriver + 892066\nE       6   chromedriver                        0x0000000102db2c63 chromedriver + 679011\nE       7   chromedriver                        0x0000000102de6e5e chromedriver + 892510\nE       8   chromedriver                        0x0000000102e02b2b chromedriver + 1006379\nE       9   chromedriver                        0x0000000102de6a73 chromedriver + 891507\nE       10  chromedriver                        0x0000000102db1143 chromedriver + 672067\nE       11  chromedriver                        0x0000000102db231e chromedriver + 676638\nE       12  chromedriver                        0x0000000103160795 chromedriver + 4536213\nE       13  chromedriver                        0x0000000103165853 chromedriver + 4556883\nE       14  chromedriver                        0x0000000103146001 chromedriver + 4427777\nE       15  chromedriver                        0x000000010316659d chromedriver + 4560285\nE       16  chromedriver                        0x000000010313748c chromedriver + 4367500\nE       17  chromedriver                        0x00000001031860e8 chromedriver + 4690152\nE       18  chromedriver                        0x000000010318629e chromedriver + 4690590\nE       19  chromedriver                        0x0000000103196eee chromedriver + 4759278\nE       20  libsystem_pthread.dylib             0x00007ff80592c202 _pthread_start + 99\nE       21  libsystem_pthread.dylib             0x00007ff805927bab thread_start + 15\n\nvenv/lib/python3.9/site-packages/selenium/webdriver/remote/errorhandler.py:229: ElementNotInteractableException\n\n---------------------------- Captured stdout setup -----------------------------\nRun started at : 2023-11-29 09:23:10.639525\nTest Environment Set Up\n-----------------------\n--------------------------- Captured stdout teardown ---------------------------\n---------------------\nTest Environment Destroyed\nRun Completed at: 2023-11-29 09:23:52.805135\n&#34;}], &#34;Tests/Scripts/test_add_new_item.py::TestAddItem::test_add_item&#34;: [{&#34;extras&#34;: [], &#34;result&#34;: &#34;Failed&#34;, &#34;testId&#34;: &#34;Tests/Scripts/test_add_new_item.py::TestAddItem::test_add_item&#34;, &#34;duration&#34;: &#34;00:00:24&#34;, &#34;resultsTableRow&#34;: [&#34;&lt;td class=\&#34;col-result\&#34;&gt;Failed&lt;/td&gt;&#34;, &#34;&lt;td class=\&#34;col-testId\&#34;&gt;Tests/Scripts/test_add_new_item.py::TestAddItem::test_add_item&lt;/td&gt;&#34;, &#34;&lt;td class=\&#34;col-duration\&#34;&gt;00:00:24&lt;/td&gt;&#34;, &#34;&lt;td class=\&#34;col-links\&#34;&gt;&lt;/td&gt;&#34;], &#34;log&#34;: &#34;self = &amp;lt;Tests.Scripts.test_add_new_item.TestAddItem object at 0x10b0f8be0&amp;gt;\ntest_login = &amp;lt;selenium.webdriver.chrome.webdriver.WebDriver (session=\&#34;266b6159928598fa6099483cda4ea2d7\&#34;)&amp;gt;\n\n    def test_add_item(self, test_login):\n        driver = test_login\n    \n    \n        # Add New Item\n        driver.find_element(By.XPATH, Locator.items_dropdown).click()\n        driver.find_element(By.XPATH, Locator.add_new_item).click()\n        driver.find_element(By.XPATH, Locator.item_title).send_keys(TestData.item_title)\n        driver.find_element(By.XPATH, Locator.save_continue_button).click()\n    \n        driver.find_element(By.XPATH, Locator.add_content_save_and_next_button).click()\n    \n        # Find the toggle element to select\n        toggle_element = driver.find_element(By.XPATH, Locator.assign_button_toggle)\n    \n        # Check if the toggle is not already selected\n        if not toggle_element.is_selected():\n&amp;gt;           toggle_element.click()\n\nTests/Scripts/test_add_new_item.py:30: \n_ _ _ _ _ _ _ _ _ _ _ _ _ _ _ _ _ _ _ _ _ _ _ _ _ _ _ _ _ _ _ _ _ _ _ _ _ _ _ _ _ _ _ _ _ _ _ _ _ _ _ _ _ _ _ _ \nvenv/lib/python3.9/site-packages/selenium/webdriver/remote/webelement.py:93: in click\n    self._execute(Command.CLICK_ELEMENT)\nvenv/lib/python3.9/site-packages/selenium/webdriver/remote/webelement.py:394: in _execute\n    return self._parent.execute(command, params)\nvenv/lib/python3.9/site-packages/selenium/webdriver/remote/webdriver.py:344: in execute\n    self.error_handler.check_response(response)\n_ _ _ _ _ _ _ _ _ _ _ _ _ _ _ _ _ _ _ _ _ _ _ _ _ _ _ _ _ _ _ _ _ _ _ _ _ _ _ _ _ _ _ _ _ _ _ _ _ _ _ _ _ _ _ _ \n\nself = &amp;lt;selenium.webdriver.remote.errorhandler.ErrorHandler object at 0x10b2d6b80&amp;gt;\nresponse = {&#39;status&#39;: 400, &#39;value&#39;: &#39;{\&#34;value\&#34;:{\&#34;error\&#34;:\&#34;element not interactable\&#34;,\&#34;message\&#34;:\&#34;element not interactable\\\\n  (Sessio...7ff80592c202 _pthread_start + 99\\\\n21  libsystem_pthread.dylib             0x00007ff805927bab thread_start + 15\\\\n\&#34;}}&#39;}\n\n    def check_response(self, response: Dict[str, Any]) -&amp;gt; None:\n        \&#34;\&#34;\&#34;Checks that a JSON response from the WebDriver does not have an\n        error.\n    \n        :Args:\n         - response - The JSON response from the WebDriver server as a dictionary\n           object.\n    \n        :Raises: If the response contains an error message.\n        \&#34;\&#34;\&#34;\n        status = response.get(\&#34;status\&#34;, None)\n        if not status or status == ErrorCode.SUCCESS:\n            return\n        value = None\n        message = response.get(\&#34;message\&#34;, \&#34;\&#34;)\n        screen: str = response.get(\&#34;screen\&#34;, \&#34;\&#34;)\n        stacktrace = None\n        if isinstance(status, int):\n            value_json = response.get(\&#34;value\&#34;, None)\n            if value_json and isinstance(value_json, str):\n                import json\n    \n                try:\n                    value = json.loads(value_json)\n                    if len(value) == 1:\n                        value = value[\&#34;value\&#34;]\n                    status = value.get(\&#34;error\&#34;, None)\n                    if not status:\n                        status = value.get(\&#34;status\&#34;, ErrorCode.UNKNOWN_ERROR)\n                        message = value.get(\&#34;value\&#34;) or value.get(\&#34;message\&#34;)\n                        if not isinstance(message, str):\n                            value = message\n                            message = message.get(\&#34;message\&#34;)\n                    else:\n                        message = value.get(\&#34;message\&#34;, None)\n                except ValueError:\n                    pass\n    \n        exception_class: Type[WebDriverException]\n        e = ErrorCode()\n        error_codes = [item for item in dir(e) if not item.startswith(\&#34;__\&#34;)]\n        for error_code in error_codes:\n            error_info = getattr(ErrorCode, error_code)\n            if isinstance(error_info, list) and status in error_info:\n                exception_class = getattr(ExceptionMapping, error_code, WebDriverException)\n                break\n        else:\n            exception_class = WebDriverException\n    \n        if not value:\n            value = response[\&#34;value\&#34;]\n        if isinstance(value, str):\n            raise exception_class(value)\n        if message == \&#34;\&#34; and \&#34;message\&#34; in value:\n            message = value[\&#34;message\&#34;]\n    \n        screen = None  # type: ignore[assignment]\n        if \&#34;screen\&#34; in value:\n            screen = value[\&#34;screen\&#34;]\n    \n        stacktrace = None\n        st_value = value.get(\&#34;stackTrace\&#34;) or value.get(\&#34;stacktrace\&#34;)\n        if st_value:\n            if isinstance(st_value, str):\n                stacktrace = st_value.split(\&#34;\\n\&#34;)\n            else:\n                stacktrace = []\n                try:\n                    for frame in st_value:\n                        line = frame.get(\&#34;lineNumber\&#34;, \&#34;\&#34;)\n                        file = frame.get(\&#34;fileName\&#34;, \&#34;&amp;lt;anonymous&amp;gt;\&#34;)\n                        if line:\n                            file = f\&#34;{file}:{line}\&#34;\n                        meth = frame.get(\&#34;methodName\&#34;, \&#34;&amp;lt;anonymous&amp;gt;\&#34;)\n                        if \&#34;className\&#34; in frame:\n                            meth = f\&#34;{frame[&#39;className&#39;]}.{meth}\&#34;\n                        msg = \&#34;    at %s (%s)\&#34;\n                        msg = msg % (meth, file)\n                        stacktrace.append(msg)\n                except TypeError:\n                    pass\n        if exception_class == UnexpectedAlertPresentException:\n            alert_text = None\n            if \&#34;data\&#34; in value:\n                alert_text = value[\&#34;data\&#34;].get(\&#34;text\&#34;)\n            elif \&#34;alert\&#34; in value:\n                alert_text = value[\&#34;alert\&#34;].get(\&#34;text\&#34;)\n            raise exception_class(message, screen, stacktrace, alert_text)  # type: ignore[call-arg]  # mypy is not smart enough here\n&amp;gt;       raise exception_class(message, screen, stacktrace)\nE       selenium.common.exceptions.ElementNotInteractableException: Message: element not interactable\nE         (Session info: chrome=119.0.6045.159)\nE       Stacktrace:\nE       0   chromedriver                        0x000000010705ed28 chromedriver + 4795688\nE       1   chromedriver                        0x00000001070562b3 chromedriver + 4760243\nE       2   chromedriver                        0x0000000106c2f6bd chromedriver + 407229\nE       3   chromedriver                        0x0000000106c7fb43 chromedriver + 736067\nE       4   chromedriver                        0x0000000106c723fa chromedriver + 680954\nE       5   chromedriver                        0x0000000106ca5ca2 chromedriver + 892066\nE       6   chromedriver                        0x0000000106c71c63 chromedriver + 679011\nE       7   chromedriver                        0x0000000106ca5e5e chromedriver + 892510\nE       8   chromedriver                        0x0000000106cc1b2b chromedriver + 1006379\nE       9   chromedriver                        0x0000000106ca5a73 chromedriver + 891507\nE       10  chromedriver                        0x0000000106c70143 chromedriver + 672067\nE       11  chromedriver                        0x0000000106c7131e chromedriver + 676638\nE       12  chromedriver                        0x000000010701f795 chromedriver + 4536213\nE       13  chromedriver                        0x0000000107024853 chromedriver + 4556883\nE       14  chromedriver                        0x0000000107005001 chromedriver + 4427777\nE       15  chromedriver                        0x000000010702559d chromedriver + 4560285\nE       16  chromedriver                        0x0000000106ff648c chromedriver + 4367500\nE       17  chromedriver                        0x00000001070450e8 chromedriver + 4690152\nE       18  chromedriver                        0x000000010704529e chromedriver + 4690590\nE       19  chromedriver                        0x0000000107055eee chromedriver + 4759278\nE       20  libsystem_pthread.dylib             0x00007ff80592c202 _pthread_start + 99\nE       21  libsystem_pthread.dylib             0x00007ff805927bab thread_start + 15\n\nvenv/lib/python3.9/site-packages/selenium/webdriver/remote/errorhandler.py:229: ElementNotInteractableException\n\n---------------------------- Captured stdout setup -----------------------------\nRun started at : 2023-11-29 09:23:56.921474\nTest Environment Set Up\n-----------------------\n--------------------------- Captured stdout teardown ---------------------------\n---------------------\nTest Environment Destroyed\nRun Completed at: 2023-11-29 09:24:37.148367\n&#34;}], &#34;Tests/Scripts/test_add_new_people.py::TestAddPeople::test_add_people&#34;: [{&#34;extras&#34;: [], &#34;result&#34;: &#34;Passed&#34;, &#34;testId&#34;: &#34;Tests/Scripts/test_add_new_people.py::TestAddPeople::test_add_people&#34;, &#34;duration&#34;: &#34;00:00:03&#34;, &#34;resultsTableRow&#34;: [&#34;&lt;td class=\&#34;col-result\&#34;&gt;Passed&lt;/td&gt;&#34;, &#34;&lt;td class=\&#34;col-testId\&#34;&gt;Tests/Scripts/test_add_new_people.py::TestAddPeople::test_add_people&lt;/td&gt;&#34;, &#34;&lt;td class=\&#34;col-duration\&#34;&gt;00:00:03&lt;/td&gt;&#34;, &#34;&lt;td class=\&#34;col-links\&#34;&gt;&lt;/td&gt;&#34;], &#34;log&#34;: &#34;---------------------------- Captured stdout setup -----------------------------\nRun started at : 2023-11-29 09:24:41.340739\nTest Environment Set Up\n-----------------------\n\n----------------------------- Captured stdout call -----------------------------\nSuccessfully added new people.\n--------------------------- Captured stdout teardown ---------------------------\n---------------------\nTest Environment Destroyed\nRun Completed at: 2023-11-29 09:25:01.178155\n&#34;}], &#34;Tests/Scripts/test_add_new_store.py::TestAddStore::test_add_store&#34;: [{&#34;extras&#34;: [], &#34;result&#34;: &#34;Passed&#34;, &#34;testId&#34;: &#34;Tests/Scripts/test_add_new_store.py::TestAddStore::test_add_store&#34;, &#34;duration&#34;: &#34;00:00:08&#34;, &#34;resultsTableRow&#34;: [&#34;&lt;td class=\&#34;col-result\&#34;&gt;Passed&lt;/td&gt;&#34;, &#34;&lt;td class=\&#34;col-testId\&#34;&gt;Tests/Scripts/test_add_new_store.py::TestAddStore::test_add_store&lt;/td&gt;&#34;, &#34;&lt;td class=\&#34;col-duration\&#34;&gt;00:00:08&lt;/td&gt;&#34;, &#34;&lt;td class=\&#34;col-links\&#34;&gt;&lt;/td&gt;&#34;], &#34;log&#34;: &#34;---------------------------- Captured stdout setup -----------------------------\nRun started at : 2023-11-29 09:25:05.239546\nTest Environment Set Up\n-----------------------\n--------------------------- Captured stdout teardown ---------------------------\n---------------------\nTest Environment Destroyed\nRun Completed at: 2023-11-29 09:25:29.637406\n&#34;}], &#34;Tests/Scripts/test_add_new_template.py::TestAddNewTemplate::test_add_new_template&#34;: [{&#34;extras&#34;: [], &#34;result&#34;: &#34;Passed&#34;, &#34;testId&#34;: &#34;Tests/Scripts/test_add_new_template.py::TestAddNewTemplate::test_add_new_template&#34;, &#34;duration&#34;: &#34;00:00:05&#34;, &#34;resultsTableRow&#34;: [&#34;&lt;td class=\&#34;col-result\&#34;&gt;Passed&lt;/td&gt;&#34;, &#34;&lt;td class=\&#34;col-testId\&#34;&gt;Tests/Scripts/test_add_new_template.py::TestAddNewTemplate::test_add_new_template&lt;/td&gt;&#34;, &#34;&lt;td class=\&#34;col-duration\&#34;&gt;00:00:05&lt;/td&gt;&#34;, &#34;&lt;td class=\&#34;col-links\&#34;&gt;&lt;/td&gt;&#34;], &#34;log&#34;: &#34;---------------------------- Captured stdout setup -----------------------------\nRun started at : 2023-11-29 09:25:34.193194\nTest Environment Set Up\n-----------------------\n--------------------------- Captured stdout teardown ---------------------------\n---------------------\nTest Environment Destroyed\nRun Completed at: 2023-11-29 09:25:56.280296\n&#34;}], &#34;Tests/Scripts/test_add_new_ticket.py::TestAddNewTicket::test_add_new_ticket&#34;: [{&#34;extras&#34;: [], &#34;result&#34;: &#34;Failed&#34;, &#34;testId&#34;: &#34;Tests/Scripts/test_add_new_ticket.py::TestAddNewTicket::test_add_new_ticket&#34;, &#34;duration&#34;: &#34;00:00:24&#34;, &#34;resultsTableRow&#34;: [&#34;&lt;td class=\&#34;col-result\&#34;&gt;Failed&lt;/td&gt;&#34;, &#34;&lt;td class=\&#34;col-testId\&#34;&gt;Tests/Scripts/test_add_new_ticket.py::TestAddNewTicket::test_add_new_ticket&lt;/td&gt;&#34;, &#34;&lt;td class=\&#34;col-duration\&#34;&gt;00:00:24&lt;/td&gt;&#34;, &#34;&lt;td class=\&#34;col-links\&#34;&gt;&lt;/td&gt;&#34;], &#34;log&#34;: &#34;self = &amp;lt;Tests.Scripts.test_add_new_ticket.TestAddNewTicket object at 0x10b109670&amp;gt;\ntest_login = &amp;lt;selenium.webdriver.chrome.webdriver.WebDriver (session=\&#34;e670cb2684834ee38aef0e00571dc9a1\&#34;)&amp;gt;\n\n    def test_add_new_ticket(self, test_login):\n        driver = test_login\n    \n    \n        # Add new ticket\n        driver.find_element(By.XPATH, Locator.ticketing_dropdown).click()\n        driver.find_element(By.XPATH, Locator.add_new_ticket).click()\n        sleep(2)\n        driver.find_element(By.XPATH, Locator.select_category_dropdown).click()\n        driver.find_element(By.XPATH, Locator.selected_category).click()\n    \n        driver.find_element(By.XPATH, Locator.select_store_name_dropdown).click()\n        driver.find_element(By.XPATH, Locator.selected_store).click()\n    \n        #driver.find_element(By.XPATH, Locator.select_a_person_dropdown).click()\n        #driver.find_element(By.XPATH, Locator.selected_person).click()\n    \n        driver.find_element(By.XPATH, Locator.submit_add_ticket_button).click()\n    \n        title = driver.find_element(By.XPATH, Locator.ticket_title)\n        title.send_keys(TestData.ticket_title)\n    \n        company = driver.find_element(By.XPATH, Locator.company)\n        company.send_keys(TestData.company)\n    \n        name = driver.find_element(By.XPATH, Locator.ticket_creator_name_field)\n        name.send_keys(TestData.ticket_creator_name)\n    \n        detail = driver.find_element(By.XPATH, Locator.ticket_details)\n        detail.send_keys(TestData.ticket_details)\n    \n        driver.find_element(By.XPATH, Locator.ticket_end_date).click()\n&amp;gt;       driver.find_element(By.XPATH, Locator.selected_end_date).click()\n\nTests/Scripts/test_add_new_ticket.py:44: \n_ _ _ _ _ _ _ _ _ _ _ _ _ _ _ _ _ _ _ _ _ _ _ _ _ _ _ _ _ _ _ _ _ _ _ _ _ _ _ _ _ _ _ _ _ _ _ _ _ _ _ _ _ _ _ _ \nvenv/lib/python3.9/site-packages/selenium/webdriver/remote/webdriver.py:738: in find_element\n    return self.execute(Command.FIND_ELEMENT, {\&#34;using\&#34;: by, \&#34;value\&#34;: value})[\&#34;value\&#34;]\nvenv/lib/python3.9/site-packages/selenium/webdriver/remote/webdriver.py:344: in execute\n    self.error_handler.check_response(response)\n_ _ _ _ _ _ _ _ _ _ _ _ _ _ _ _ _ _ _ _ _ _ _ _ _ _ _ _ _ _ _ _ _ _ _ _ _ _ _ _ _ _ _ _ _ _ _ _ _ _ _ _ _ _ _ _ \n\nself = &amp;lt;selenium.webdriver.remote.errorhandler.ErrorHandler object at 0x10b3623a0&amp;gt;\nresponse = {&#39;status&#39;: 404, &#39;value&#39;: &#39;{\&#34;value\&#34;:{\&#34;error\&#34;:\&#34;no such element\&#34;,\&#34;message\&#34;:\&#34;no such element: Unable to locate element: {\\...7ff80592c202 _pthread_start + 99\\\\n20  libsystem_pthread.dylib             0x00007ff805927bab thread_start + 15\\\\n\&#34;}}&#39;}\n\n    def check_response(self, response: Dict[str, Any]) -&amp;gt; None:\n        \&#34;\&#34;\&#34;Checks that a JSON response from the WebDriver does not have an\n        error.\n    \n        :Args:\n         - response - The JSON response from the WebDriver server as a dictionary\n           object.\n    \n        :Raises: If the response contains an error message.\n        \&#34;\&#34;\&#34;\n        status = response.get(\&#34;status\&#34;, None)\n        if not status or status == ErrorCode.SUCCESS:\n            return\n        value = None\n        message = response.get(\&#34;message\&#34;, \&#34;\&#34;)\n        screen: str = response.get(\&#34;screen\&#34;, \&#34;\&#34;)\n        stacktrace = None\n        if isinstance(status, int):\n            value_json = response.get(\&#34;value\&#34;, None)\n            if value_json and isinstance(value_json, str):\n                import json\n    \n                try:\n                    value = json.loads(value_json)\n                    if len(value) == 1:\n                        value = value[\&#34;value\&#34;]\n                    status = value.get(\&#34;error\&#34;, None)\n                    if not status:\n                        status = value.get(\&#34;status\&#34;, ErrorCode.UNKNOWN_ERROR)\n                        message = value.get(\&#34;value\&#34;) or value.get(\&#34;message\&#34;)\n                        if not isinstance(message, str):\n                            value = message\n                            message = message.get(\&#34;message\&#34;)\n                    else:\n                        message = value.get(\&#34;message\&#34;, None)\n                except ValueError:\n                    pass\n    \n        exception_class: Type[WebDriverException]\n        e = ErrorCode()\n        error_codes = [item for item in dir(e) if not item.startswith(\&#34;__\&#34;)]\n        for error_code in error_codes:\n            error_info = getattr(ErrorCode, error_code)\n            if isinstance(error_info, list) and status in error_info:\n                exception_class = getattr(ExceptionMapping, error_code, WebDriverException)\n                break\n        else:\n            exception_class = WebDriverException\n    \n        if not value:\n            value = response[\&#34;value\&#34;]\n        if isinstance(value, str):\n            raise exception_class(value)\n        if message == \&#34;\&#34; and \&#34;message\&#34; in value:\n            message = value[\&#34;message\&#34;]\n    \n        screen = None  # type: ignore[assignment]\n        if \&#34;screen\&#34; in value:\n            screen = value[\&#34;screen\&#34;]\n    \n        stacktrace = None\n        st_value = value.get(\&#34;stackTrace\&#34;) or value.get(\&#34;stacktrace\&#34;)\n        if st_value:\n            if isinstance(st_value, str):\n                stacktrace = st_value.split(\&#34;\\n\&#34;)\n            else:\n                stacktrace = []\n                try:\n                    for frame in st_value:\n                        line = frame.get(\&#34;lineNumber\&#34;, \&#34;\&#34;)\n                        file = frame.get(\&#34;fileName\&#34;, \&#34;&amp;lt;anonymous&amp;gt;\&#34;)\n                        if line:\n                            file = f\&#34;{file}:{line}\&#34;\n                        meth = frame.get(\&#34;methodName\&#34;, \&#34;&amp;lt;anonymous&amp;gt;\&#34;)\n                        if \&#34;className\&#34; in frame:\n                            meth = f\&#34;{frame[&#39;className&#39;]}.{meth}\&#34;\n                        msg = \&#34;    at %s (%s)\&#34;\n                        msg = msg % (meth, file)\n                        stacktrace.append(msg)\n                except TypeError:\n                    pass\n        if exception_class == UnexpectedAlertPresentException:\n            alert_text = None\n            if \&#34;data\&#34; in value:\n                alert_text = value[\&#34;data\&#34;].get(\&#34;text\&#34;)\n            elif \&#34;alert\&#34; in value:\n                alert_text = value[\&#34;alert\&#34;].get(\&#34;text\&#34;)\n            raise exception_class(message, screen, stacktrace, alert_text)  # type: ignore[call-arg]  # mypy is not smart enough here\n&amp;gt;       raise exception_class(message, screen, stacktrace)\nE       selenium.common.exceptions.NoSuchElementException: Message: no such element: Unable to locate element: {\&#34;method\&#34;:\&#34;xpath\&#34;,\&#34;selector\&#34;:\&#34;//td[@class=&#39;active start-date active end-date available&#39; and @data-title=&#39;r3c5&#39;]\&#34;}\nE         (Session info: chrome=119.0.6045.159); For documentation on this error, please visit: https://www.selenium.dev/documentation/webdriver/troubleshooting/errors#no-such-element-exception\nE       Stacktrace:\nE       0   chromedriver                        0x000000010af76d28 chromedriver + 4795688\nE       1   chromedriver                        0x000000010af6e2b3 chromedriver + 4760243\nE       2   chromedriver                        0x000000010ab4788d chromedriver + 407693\nE       3   chromedriver                        0x000000010ab963d9 chromedriver + 730073\nE       4   chromedriver                        0x000000010ab96591 chromedriver + 730513\nE       5   chromedriver                        0x000000010abdc7e4 chromedriver + 1017828\nE       6   chromedriver                        0x000000010abbdccd chromedriver + 892109\nE       7   chromedriver                        0x000000010abd9b2b chromedriver + 1006379\nE       8   chromedriver                        0x000000010abbda73 chromedriver + 891507\nE       9   chromedriver                        0x000000010ab88143 chromedriver + 672067\nE       10  chromedriver                        0x000000010ab8931e chromedriver + 676638\nE       11  chromedriver                        0x000000010af37795 chromedriver + 4536213\nE       12  chromedriver                        0x000000010af3c853 chromedriver + 4556883\nE       13  chromedriver                        0x000000010af1d001 chromedriver + 4427777\nE       14  chromedriver                        0x000000010af3d59d chromedriver + 4560285\nE       15  chromedriver                        0x000000010af0e48c chromedriver + 4367500\nE       16  chromedriver                        0x000000010af5d0e8 chromedriver + 4690152\nE       17  chromedriver                        0x000000010af5d29e chromedriver + 4690590\nE       18  chromedriver                        0x000000010af6deee chromedriver + 4759278\nE       19  libsystem_pthread.dylib             0x00007ff80592c202 _pthread_start + 99\nE       20  libsystem_pthread.dylib             0x00007ff805927bab thread_start + 15\n\nvenv/lib/python3.9/site-packages/selenium/webdriver/remote/errorhandler.py:229: NoSuchElementException\n\n---------------------------- Captured stdout setup -----------------------------\nRun started at : 2023-11-29 09:26:01.091645\nTest Environment Set Up\n-----------------------\n--------------------------- Captured stdout teardown ---------------------------\n---------------------\nTest Environment Destroyed\nRun Completed at: 2023-11-29 09:26:41.071747\n&#34;}], &#34;Tests/Scripts/test_all_items_page.py::TestAllItems::test_all_items&#34;: [{&#34;extras&#34;: [], &#34;result&#34;: &#34;Passed&#34;, &#34;testId&#34;: &#34;Tests/Scripts/test_all_items_page.py::TestAllItems::test_all_items&#34;, &#34;duration&#34;: &#34;747 ms&#34;, &#34;resultsTableRow&#34;: [&#34;&lt;td class=\&#34;col-result\&#34;&gt;Passed&lt;/td&gt;&#34;, &#34;&lt;td class=\&#34;col-testId\&#34;&gt;Tests/Scripts/test_all_items_page.py::TestAllItems::test_all_items&lt;/td&gt;&#34;, &#34;&lt;td class=\&#34;col-duration\&#34;&gt;747 ms&lt;/td&gt;&#34;, &#34;&lt;td class=\&#34;col-links\&#34;&gt;&lt;/td&gt;&#34;], &#34;log&#34;: &#34;---------------------------- Captured stdout setup -----------------------------\nRun started at : 2023-11-29 09:26:45.615193\nTest Environment Set Up\n-----------------------\n--------------------------- Captured stdout teardown ---------------------------\n---------------------\nTest Environment Destroyed\nRun Completed at: 2023-11-29 09:27:03.140200\n&#34;}], &#34;Tests/Scripts/test_all_people_page.py::TestAllPeople::test_all_people&#34;: [{&#34;extras&#34;: [], &#34;result&#34;: &#34;Passed&#34;, &#34;testId&#34;: &#34;Tests/Scripts/test_all_people_page.py::TestAllPeople::test_all_people&#34;, &#34;duration&#34;: &#34;836 ms&#34;, &#34;resultsTableRow&#34;: [&#34;&lt;td class=\&#34;col-result\&#34;&gt;Passed&lt;/td&gt;&#34;, &#34;&lt;td class=\&#34;col-testId\&#34;&gt;Tests/Scripts/test_all_people_page.py::TestAllPeople::test_all_people&lt;/td&gt;&#34;, &#34;&lt;td class=\&#34;col-duration\&#34;&gt;836 ms&lt;/td&gt;&#34;, &#34;&lt;td class=\&#34;col-links\&#34;&gt;&lt;/td&gt;&#34;], &#34;log&#34;: &#34;---------------------------- Captured stdout setup -----------------------------\nRun started at : 2023-11-29 09:27:08.597989\nTest Environment Set Up\n-----------------------\n--------------------------- Captured stdout teardown ---------------------------\n---------------------\nTest Environment Destroyed\nRun Completed at: 2023-11-29 09:27:26.697606\n&#34;}], &#34;Tests/Scripts/test_all_stores_page.py::TestAllStores::test_all_stores&#34;: [{&#34;extras&#34;: [], &#34;result&#34;: &#34;Passed&#34;, &#34;testId&#34;: &#34;Tests/Scripts/test_all_stores_page.py::TestAllStores::test_all_stores&#34;, &#34;duration&#34;: &#34;00:00:11&#34;, &#34;resultsTableRow&#34;: [&#34;&lt;td class=\&#34;col-result\&#34;&gt;Passed&lt;/td&gt;&#34;, &#34;&lt;td class=\&#34;col-testId\&#34;&gt;Tests/Scripts/test_all_stores_page.py::TestAllStores::test_all_stores&lt;/td&gt;&#34;, &#34;&lt;td class=\&#34;col-duration\&#34;&gt;00:00:11&lt;/td&gt;&#34;, &#34;&lt;td class=\&#34;col-links\&#34;&gt;&lt;/td&gt;&#34;], &#34;log&#34;: &#34;---------------------------- Captured stdout setup -----------------------------\nRun started at : 2023-11-29 09:27:31.080742\nTest Environment Set Up\n-----------------------\n--------------------------- Captured stdout teardown ---------------------------\n---------------------\nTest Environment Destroyed\nRun Completed at: 2023-11-29 09:27:57.464793\n&#34;}], &#34;Tests/Scripts/test_all_tickets_page.py::TestAllTickets::test_all_tickets&#34;: [{&#34;extras&#34;: [], &#34;result&#34;: &#34;Passed&#34;, &#34;testId&#34;: &#34;Tests/Scripts/test_all_tickets_page.py::TestAllTickets::test_all_tickets&#34;, &#34;duration&#34;: &#34;731 ms&#34;, &#34;resultsTableRow&#34;: [&#34;&lt;td class=\&#34;col-result\&#34;&gt;Passed&lt;/td&gt;&#34;, &#34;&lt;td class=\&#34;col-testId\&#34;&gt;Tests/Scripts/test_all_tickets_page.py::TestAllTickets::test_all_tickets&lt;/td&gt;&#34;, &#34;&lt;td class=\&#34;col-duration\&#34;&gt;731 ms&lt;/td&gt;&#34;, &#34;&lt;td class=\&#34;col-links\&#34;&gt;&lt;/td&gt;&#34;], &#34;log&#34;: &#34;---------------------------- Captured stdout setup -----------------------------\nRun started at : 2023-11-29 09:28:01.891735\nTest Environment Set Up\n-----------------------\n--------------------------- Captured stdout teardown ---------------------------\n---------------------\nTest Environment Destroyed\nRun Completed at: 2023-11-29 09:28:19.795821\n&#34;}], &#34;Tests/Scripts/test_awards.py::TestAwards::test_all_awards&#34;: [{&#34;extras&#34;: [], &#34;result&#34;: &#34;Passed&#34;, &#34;testId&#34;: &#34;Tests/Scripts/test_awards.py::TestAwards::test_all_awards&#34;, &#34;duration&#34;: &#34;00:00:01&#34;, &#34;resultsTableRow&#34;: [&#34;&lt;td class=\&#34;col-result\&#34;&gt;Passed&lt;/td&gt;&#34;, &#34;&lt;td class=\&#34;col-testId\&#34;&gt;Tests/Scripts/test_awards.py::TestAwards::test_all_awards&lt;/td&gt;&#34;, &#34;&lt;td class=\&#34;col-duration\&#34;&gt;00:00:01&lt;/td&gt;&#34;, &#34;&lt;td class=\&#34;col-links\&#34;&gt;&lt;/td&gt;&#34;], &#34;log&#34;: &#34;---------------------------- Captured stdout setup -----------------------------\nRun started at : 2023-11-29 09:28:24.223162\nTest Environment Set Up\n-----------------------\n--------------------------- Captured stdout teardown ---------------------------\n---------------------\nTest Environment Destroyed\nRun Completed at: 2023-11-29 09:28:41.346848\n&#34;}], &#34;Tests/Scripts/test_centre_config.py::TestCentreConfig::test_centre_config&#34;: [{&#34;extras&#34;: [], &#34;result&#34;: &#34;Passed&#34;, &#34;testId&#34;: &#34;Tests/Scripts/test_centre_config.py::TestCentreConfig::test_centre_config&#34;, &#34;duration&#34;: &#34;00:00:19&#34;, &#34;resultsTableRow&#34;: [&#34;&lt;td class=\&#34;col-result\&#34;&gt;Passed&lt;/td&gt;&#34;, &#34;&lt;td class=\&#34;col-testId\&#34;&gt;Tests/Scripts/test_centre_config.py::TestCentreConfig::test_centre_config&lt;/td&gt;&#34;, &#34;&lt;td class=\&#34;col-duration\&#34;&gt;00:00:19&lt;/td&gt;&#34;, &#34;&lt;td class=\&#34;col-links\&#34;&gt;&lt;/td&gt;&#34;], &#34;log&#34;: &#34;---------------------------- Captured stdout setup -----------------------------\nRun started at : 2023-11-29 09:28:45.619089\nTest Environment Set Up\n-----------------------\n--------------------------- Captured stdout teardown ---------------------------\n---------------------\nTest Environment Destroyed\nRun Completed at: 2023-11-29 09:29:21.591321\n&#34;}], &#34;Tests/Scripts/test_clone_centre_multiple.py::TestMultipleCentreClone::test_multiple_centre_clone&#34;: [{&#34;extras&#34;: [], &#34;result&#34;: &#34;Failed&#34;, &#34;testId&#34;: &#34;Tests/Scripts/test_clone_centre_multiple.py::TestMultipleCentreClone::test_multiple_centre_clone&#34;, &#34;duration&#34;: &#34;00:00:04&#34;, &#34;resultsTableRow&#34;: [&#34;&lt;td class=\&#34;col-result\&#34;&gt;Failed&lt;/td&gt;&#34;, &#34;&lt;td class=\&#34;col-testId\&#34;&gt;Tests/Scripts/test_clone_centre_multiple.py::TestMultipleCentreClone::test_multiple_centre_clone&lt;/td&gt;&#34;, &#34;&lt;td class=\&#34;col-duration\&#34;&gt;00:00:04&lt;/td&gt;&#34;, &#34;&lt;td class=\&#34;col-links\&#34;&gt;&lt;/td&gt;&#34;], &#34;log&#34;: &#34;self = &amp;lt;Tests.Scripts.test_clone_centre_multiple.TestMultipleCentreClone object at 0x10b1093a0&amp;gt;\ntest_login = &amp;lt;selenium.webdriver.chrome.webdriver.WebDriver (session=\&#34;361706be278e1aa27a0eb945272f1838\&#34;)&amp;gt;\n\n    def test_multiple_centre_clone(self, test_login):\n        driver = test_login\n    \n    \n        # Test Clone Multiple Centre\n        driver.find_element(By.XPATH, Locator.manage_dropdown).click()\n        driver.find_element(By.XPATH, Locator.clone_centre).click()\n    \n        driver.find_element(By.XPATH, Locator.select_a_centre).click()\n        driver.find_element(By.XPATH, Locator.selected_centre_to_clone).click()\n        sleep(2)\n        # Upload image\n&amp;gt;       upload_image = driver.find_element(By.XPATH, Locator.choose_file_button).click()\n\nTests/Scripts/test_clone_centre_multiple.py:25: \n_ _ _ _ _ _ _ _ _ _ _ _ _ _ _ _ _ _ _ _ _ _ _ _ _ _ _ _ _ _ _ _ _ _ _ _ _ _ _ _ _ _ _ _ _ _ _ _ _ _ _ _ _ _ _ _ \nvenv/lib/python3.9/site-packages/selenium/webdriver/remote/webelement.py:93: in click\n    self._execute(Command.CLICK_ELEMENT)\nvenv/lib/python3.9/site-packages/selenium/webdriver/remote/webelement.py:394: in _execute\n    return self._parent.execute(command, params)\nvenv/lib/python3.9/site-packages/selenium/webdriver/remote/webdriver.py:344: in execute\n    self.error_handler.check_response(response)\n_ _ _ _ _ _ _ _ _ _ _ _ _ _ _ _ _ _ _ _ _ _ _ _ _ _ _ _ _ _ _ _ _ _ _ _ _ _ _ _ _ _ _ _ _ _ _ _ _ _ _ _ _ _ _ _ \n\nself = &amp;lt;selenium.webdriver.remote.errorhandler.ErrorHandler object at 0x10b2a26a0&amp;gt;\nresponse = {&#39;status&#39;: 400, &#39;value&#39;: &#39;{\&#34;value\&#34;:{\&#34;error\&#34;:\&#34;invalid argument\&#34;,\&#34;message\&#34;:\&#34;invalid argument\\\\n  (Session info: chrome=1...7ff80592c202 _pthread_start + 99\\\\n20  libsystem_pthread.dylib             0x00007ff805927bab thread_start + 15\\\\n\&#34;}}&#39;}\n\n    def check_response(self, response: Dict[str, Any]) -&amp;gt; None:\n        \&#34;\&#34;\&#34;Checks that a JSON response from the WebDriver does not have an\n        error.\n    \n        :Args:\n         - response - The JSON response from the WebDriver server as a dictionary\n           object.\n    \n        :Raises: If the response contains an error message.\n        \&#34;\&#34;\&#34;\n        status = response.get(\&#34;status\&#34;, None)\n        if not status or status == ErrorCode.SUCCESS:\n            return\n        value = None\n        message = response.get(\&#34;message\&#34;, \&#34;\&#34;)\n        screen: str = response.get(\&#34;screen\&#34;, \&#34;\&#34;)\n        stacktrace = None\n        if isinstance(status, int):\n            value_json = response.get(\&#34;value\&#34;, None)\n            if value_json and isinstance(value_json, str):\n                import json\n    \n                try:\n                    value = json.loads(value_json)\n                    if len(value) == 1:\n                        value = value[\&#34;value\&#34;]\n                    status = value.get(\&#34;error\&#34;, None)\n                    if not status:\n                        status = value.get(\&#34;status\&#34;, ErrorCode.UNKNOWN_ERROR)\n                        message = value.get(\&#34;value\&#34;) or value.get(\&#34;message\&#34;)\n                        if not isinstance(message, str):\n                            value = message\n                            message = message.get(\&#34;message\&#34;)\n                    else:\n                        message = value.get(\&#34;message\&#34;, None)\n                except ValueError:\n                    pass\n    \n        exception_class: Type[WebDriverException]\n        e = ErrorCode()\n        error_codes = [item for item in dir(e) if not item.startswith(\&#34;__\&#34;)]\n        for error_code in error_codes:\n            error_info = getattr(ErrorCode, error_code)\n            if isinstance(error_info, list) and status in error_info:\n                exception_class = getattr(ExceptionMapping, error_code, WebDriverException)\n                break\n        else:\n            exception_class = WebDriverException\n    \n        if not value:\n            value = response[\&#34;value\&#34;]\n        if isinstance(value, str):\n            raise exception_class(value)\n        if message == \&#34;\&#34; and \&#34;message\&#34; in value:\n            message = value[\&#34;message\&#34;]\n    \n        screen = None  # type: ignore[assignment]\n        if \&#34;screen\&#34; in value:\n            screen = value[\&#34;screen\&#34;]\n    \n        stacktrace = None\n        st_value = value.get(\&#34;stackTrace\&#34;) or value.get(\&#34;stacktrace\&#34;)\n        if st_value:\n            if isinstance(st_value, str):\n                stacktrace = st_value.split(\&#34;\\n\&#34;)\n            else:\n                stacktrace = []\n                try:\n                    for frame in st_value:\n                        line = frame.get(\&#34;lineNumber\&#34;, \&#34;\&#34;)\n                        file = frame.get(\&#34;fileName\&#34;, \&#34;&amp;lt;anonymous&amp;gt;\&#34;)\n                        if line:\n                            file = f\&#34;{file}:{line}\&#34;\n                        meth = frame.get(\&#34;methodName\&#34;, \&#34;&amp;lt;anonymous&amp;gt;\&#34;)\n                        if \&#34;className\&#34; in frame:\n                            meth = f\&#34;{frame[&#39;className&#39;]}.{meth}\&#34;\n                        msg = \&#34;    at %s (%s)\&#34;\n                        msg = msg % (meth, file)\n                        stacktrace.append(msg)\n                except TypeError:\n                    pass\n        if exception_class == UnexpectedAlertPresentException:\n            alert_text = None\n            if \&#34;data\&#34; in value:\n                alert_text = value[\&#34;data\&#34;].get(\&#34;text\&#34;)\n            elif \&#34;alert\&#34; in value:\n                alert_text = value[\&#34;alert\&#34;].get(\&#34;text\&#34;)\n            raise exception_class(message, screen, stacktrace, alert_text)  # type: ignore[call-arg]  # mypy is not smart enough here\n&amp;gt;       raise exception_class(message, screen, stacktrace)\nE       selenium.common.exceptions.InvalidArgumentException: Message: invalid argument\nE         (Session info: chrome=119.0.6045.159)\nE       Stacktrace:\nE       0   chromedriver                        0x000000010e3cdd28 chromedriver + 4795688\nE       1   chromedriver                        0x000000010e3c52b3 chromedriver + 4760243\nE       2   chromedriver                        0x000000010df9e6bd chromedriver + 407229\nE       3   chromedriver                        0x000000010dfe1c19 chromedriver + 683033\nE       4   chromedriver                        0x000000010e014ca2 chromedriver + 892066\nE       5   chromedriver                        0x000000010dfe0c63 chromedriver + 679011\nE       6   chromedriver                        0x000000010e014e5e chromedriver + 892510\nE       7   chromedriver                        0x000000010e030b2b chromedriver + 1006379\nE       8   chromedriver                        0x000000010e014a73 chromedriver + 891507\nE       9   chromedriver                        0x000000010dfdf143 chromedriver + 672067\nE       10  chromedriver                        0x000000010dfe031e chromedriver + 676638\nE       11  chromedriver                        0x000000010e38e795 chromedriver + 4536213\nE       12  chromedriver                        0x000000010e393853 chromedriver + 4556883\nE       13  chromedriver                        0x000000010e374001 chromedriver + 4427777\nE       14  chromedriver                        0x000000010e39459d chromedriver + 4560285\nE       15  chromedriver                        0x000000010e36548c chromedriver + 4367500\nE       16  chromedriver                        0x000000010e3b40e8 chromedriver + 4690152\nE       17  chromedriver                        0x000000010e3b429e chromedriver + 4690590\nE       18  chromedriver                        0x000000010e3c4eee chromedriver + 4759278\nE       19  libsystem_pthread.dylib             0x00007ff80592c202 _pthread_start + 99\nE       20  libsystem_pthread.dylib             0x00007ff805927bab thread_start + 15\n\nvenv/lib/python3.9/site-packages/selenium/webdriver/remote/errorhandler.py:229: InvalidArgumentException\n\n---------------------------- Captured stdout setup -----------------------------\nRun started at : 2023-11-29 09:29:26.952592\nTest Environment Set Up\n-----------------------\n--------------------------- Captured stdout teardown ---------------------------\n---------------------\nTest Environment Destroyed\nRun Completed at: 2023-11-29 09:29:49.587030\n&#34;}], &#34;Tests/Scripts/test_clone_centre_single.py::TestSingleCentreClone::test_single_centre_clone&#34;: [{&#34;extras&#34;: [], &#34;result&#34;: &#34;Failed&#34;, &#34;testId&#34;: &#34;Tests/Scripts/test_clone_centre_single.py::TestSingleCentreClone::test_single_centre_clone&#34;, &#34;duration&#34;: &#34;00:00:03&#34;, &#34;resultsTableRow&#34;: [&#34;&lt;td class=\&#34;col-result\&#34;&gt;Failed&lt;/td&gt;&#34;, &#34;&lt;td class=\&#34;col-testId\&#34;&gt;Tests/Scripts/test_clone_centre_single.py::TestSingleCentreClone::test_single_centre_clone&lt;/td&gt;&#34;, &#34;&lt;td class=\&#34;col-duration\&#34;&gt;00:00:03&lt;/td&gt;&#34;, &#34;&lt;td class=\&#34;col-links\&#34;&gt;&lt;/td&gt;&#34;], &#34;log&#34;: &#34;self = &amp;lt;Tests.Scripts.test_clone_centre_single.TestSingleCentreClone object at 0x10b1179d0&amp;gt;\ntest_login = &amp;lt;selenium.webdriver.chrome.webdriver.WebDriver (session=\&#34;f0c1228f5dd473fa8f70d57678dfef5b\&#34;)&amp;gt;\n\n    def test_single_centre_clone(self, test_login):\n        driver = test_login\n    \n    \n        # Create single clone centre\n        driver.find_element(By.XPATH, Locator.manage_dropdown).click()\n        driver.find_element(By.XPATH, Locator.clone_centre).click()\n    \n        driver.find_element(By.XPATH, Locator.select_a_centre).click()\n        driver.find_element(By.XPATH, Locator.selected_centre_to_clone).click()\n        sleep(2)\n        # Upload image\n&amp;gt;       upload_image = driver.find_element(By.XPATH, Locator.choose_file_button).click()\n\nTests/Scripts/test_clone_centre_single.py:25: \n_ _ _ _ _ _ _ _ _ _ _ _ _ _ _ _ _ _ _ _ _ _ _ _ _ _ _ _ _ _ _ _ _ _ _ _ _ _ _ _ _ _ _ _ _ _ _ _ _ _ _ _ _ _ _ _ \nvenv/lib/python3.9/site-packages/selenium/webdriver/remote/webelement.py:93: in click\n    self._execute(Command.CLICK_ELEMENT)\nvenv/lib/python3.9/site-packages/selenium/webdriver/remote/webelement.py:394: in _execute\n    return self._parent.execute(command, params)\nvenv/lib/python3.9/site-packages/selenium/webdriver/remote/webdriver.py:344: in execute\n    self.error_handler.check_response(response)\n_ _ _ _ _ _ _ _ _ _ _ _ _ _ _ _ _ _ _ _ _ _ _ _ _ _ _ _ _ _ _ _ _ _ _ _ _ _ _ _ _ _ _ _ _ _ _ _ _ _ _ _ _ _ _ _ \n\nself = &amp;lt;selenium.webdriver.remote.errorhandler.ErrorHandler object at 0x10b2a2d60&amp;gt;\nresponse = {&#39;status&#39;: 400, &#39;value&#39;: &#39;{\&#34;value\&#34;:{\&#34;error\&#34;:\&#34;invalid argument\&#34;,\&#34;message\&#34;:\&#34;invalid argument\\\\n  (Session info: chrome=1...7ff80592c202 _pthread_start + 99\\\\n20  libsystem_pthread.dylib             0x00007ff805927bab thread_start + 15\\\\n\&#34;}}&#39;}\n\n    def check_response(self, response: Dict[str, Any]) -&amp;gt; None:\n        \&#34;\&#34;\&#34;Checks that a JSON response from the WebDriver does not have an\n        error.\n    \n        :Args:\n         - response - The JSON response from the WebDriver server as a dictionary\n           object.\n    \n        :Raises: If the response contains an error message.\n        \&#34;\&#34;\&#34;\n        status = response.get(\&#34;status\&#34;, None)\n        if not status or status == ErrorCode.SUCCESS:\n            return\n        value = None\n        message = response.get(\&#34;message\&#34;, \&#34;\&#34;)\n        screen: str = response.get(\&#34;screen\&#34;, \&#34;\&#34;)\n        stacktrace = None\n        if isinstance(status, int):\n            value_json = response.get(\&#34;value\&#34;, None)\n            if value_json and isinstance(value_json, str):\n                import json\n    \n                try:\n                    value = json.loads(value_json)\n                    if len(value) == 1:\n                        value = value[\&#34;value\&#34;]\n                    status = value.get(\&#34;error\&#34;, None)\n                    if not status:\n                        status = value.get(\&#34;status\&#34;, ErrorCode.UNKNOWN_ERROR)\n                        message = value.get(\&#34;value\&#34;) or value.get(\&#34;message\&#34;)\n                        if not isinstance(message, str):\n                            value = message\n                            message = message.get(\&#34;message\&#34;)\n                    else:\n                        message = value.get(\&#34;message\&#34;, None)\n                except ValueError:\n                    pass\n    \n        exception_class: Type[WebDriverException]\n        e = ErrorCode()\n        error_codes = [item for item in dir(e) if not item.startswith(\&#34;__\&#34;)]\n        for error_code in error_codes:\n            error_info = getattr(ErrorCode, error_code)\n            if isinstance(error_info, list) and status in error_info:\n                exception_class = getattr(ExceptionMapping, error_code, WebDriverException)\n                break\n        else:\n            exception_class = WebDriverException\n    \n        if not value:\n            value = response[\&#34;value\&#34;]\n        if isinstance(value, str):\n            raise exception_class(value)\n        if message == \&#34;\&#34; and \&#34;message\&#34; in value:\n            message = value[\&#34;message\&#34;]\n    \n        screen = None  # type: ignore[assignment]\n        if \&#34;screen\&#34; in value:\n            screen = value[\&#34;screen\&#34;]\n    \n        stacktrace = None\n        st_value = value.get(\&#34;stackTrace\&#34;) or value.get(\&#34;stacktrace\&#34;)\n        if st_value:\n            if isinstance(st_value, str):\n                stacktrace = st_value.split(\&#34;\\n\&#34;)\n            else:\n                stacktrace = []\n                try:\n                    for frame in st_value:\n                        line = frame.get(\&#34;lineNumber\&#34;, \&#34;\&#34;)\n                        file = frame.get(\&#34;fileName\&#34;, \&#34;&amp;lt;anonymous&amp;gt;\&#34;)\n                        if line:\n                            file = f\&#34;{file}:{line}\&#34;\n                        meth = frame.get(\&#34;methodName\&#34;, \&#34;&amp;lt;anonymous&amp;gt;\&#34;)\n                        if \&#34;className\&#34; in frame:\n                            meth = f\&#34;{frame[&#39;className&#39;]}.{meth}\&#34;\n                        msg = \&#34;    at %s (%s)\&#34;\n                        msg = msg % (meth, file)\n                        stacktrace.append(msg)\n                except TypeError:\n                    pass\n        if exception_class == UnexpectedAlertPresentException:\n            alert_text = None\n            if \&#34;data\&#34; in value:\n                alert_text = value[\&#34;data\&#34;].get(\&#34;text\&#34;)\n            elif \&#34;alert\&#34; in value:\n                alert_text = value[\&#34;alert\&#34;].get(\&#34;text\&#34;)\n            raise exception_class(message, screen, stacktrace, alert_text)  # type: ignore[call-arg]  # mypy is not smart enough here\n&amp;gt;       raise exception_class(message, screen, stacktrace)\nE       selenium.common.exceptions.InvalidArgumentException: Message: invalid argument\nE         (Session info: chrome=119.0.6045.159)\nE       Stacktrace:\nE       0   chromedriver                        0x000000010c3b0d28 chromedriver + 4795688\nE       1   chromedriver                        0x000000010c3a82b3 chromedriver + 4760243\nE       2   chromedriver                        0x000000010bf816bd chromedriver + 407229\nE       3   chromedriver                        0x000000010bfc4c19 chromedriver + 683033\nE       4   chromedriver                        0x000000010bff7ca2 chromedriver + 892066\nE       5   chromedriver                        0x000000010bfc3c63 chromedriver + 679011\nE       6   chromedriver                        0x000000010bff7e5e chromedriver + 892510\nE       7   chromedriver                        0x000000010c013b2b chromedriver + 1006379\nE       8   chromedriver                        0x000000010bff7a73 chromedriver + 891507\nE       9   chromedriver                        0x000000010bfc2143 chromedriver + 672067\nE       10  chromedriver                        0x000000010bfc331e chromedriver + 676638\nE       11  chromedriver                        0x000000010c371795 chromedriver + 4536213\nE       12  chromedriver                        0x000000010c376853 chromedriver + 4556883\nE       13  chromedriver                        0x000000010c357001 chromedriver + 4427777\nE       14  chromedriver                        0x000000010c37759d chromedriver + 4560285\nE       15  chromedriver                        0x000000010c34848c chromedriver + 4367500\nE       16  chromedriver                        0x000000010c3970e8 chromedriver + 4690152\nE       17  chromedriver                        0x000000010c39729e chromedriver + 4690590\nE       18  chromedriver                        0x000000010c3a7eee chromedriver + 4759278\nE       19  libsystem_pthread.dylib             0x00007ff80592c202 _pthread_start + 99\nE       20  libsystem_pthread.dylib             0x00007ff805927bab thread_start + 15\n\nvenv/lib/python3.9/site-packages/selenium/webdriver/remote/errorhandler.py:229: InvalidArgumentException\n\n---------------------------- Captured stdout setup -----------------------------\nRun started at : 2023-11-29 09:29:55.578566\nTest Environment Set Up\n-----------------------\n--------------------------- Captured stdout teardown ---------------------------\n---------------------\nTest Environment Destroyed\nRun Completed at: 2023-11-29 09:30:15.195339\n&#34;}], &#34;Tests/Scripts/test_cms_user_roles.py::TestCMSUserRoles::test_cms_user_roles&#34;: [{&#34;extras&#34;: [], &#34;result&#34;: &#34;Passed&#34;, &#34;testId&#34;: &#34;Tests/Scripts/test_cms_user_roles.py::TestCMSUserRoles::test_cms_user_roles&#34;, &#34;duration&#34;: &#34;00:00:07&#34;, &#34;resultsTableRow&#34;: [&#34;&lt;td class=\&#34;col-result\&#34;&gt;Passed&lt;/td&gt;&#34;, &#34;&lt;td class=\&#34;col-testId\&#34;&gt;Tests/Scripts/test_cms_user_roles.py::TestCMSUserRoles::test_cms_user_roles&lt;/td&gt;&#34;, &#34;&lt;td class=\&#34;col-duration\&#34;&gt;00:00:07&lt;/td&gt;&#34;, &#34;&lt;td class=\&#34;col-links\&#34;&gt;&lt;/td&gt;&#34;], &#34;log&#34;: &#34;---------------------------- Captured stdout setup -----------------------------\nRun started at : 2023-11-29 09:30:20.377285\nTest Environment Set Up\n-----------------------\n--------------------------- Captured stdout teardown ---------------------------\n---------------------\nTest Environment Destroyed\nRun Completed at: 2023-11-29 09:30:46.353065\n&#34;}], &#34;Tests/Scripts/test_create_button.py::TestCreateNewButton::test_create_new_button&#34;: [{&#34;extras&#34;: [], &#34;result&#34;: &#34;Passed&#34;, &#34;testId&#34;: &#34;Tests/Scripts/test_create_button.py::TestCreateNewButton::test_create_new_button&#34;, &#34;duration&#34;: &#34;00:00:10&#34;, &#34;resultsTableRow&#34;: [&#34;&lt;td class=\&#34;col-result\&#34;&gt;Passed&lt;/td&gt;&#34;, &#34;&lt;td class=\&#34;col-testId\&#34;&gt;Tests/Scripts/test_create_button.py::TestCreateNewButton::test_create_new_button&lt;/td&gt;&#34;, &#34;&lt;td class=\&#34;col-duration\&#34;&gt;00:00:10&lt;/td&gt;&#34;, &#34;&lt;td class=\&#34;col-links\&#34;&gt;&lt;/td&gt;&#34;], &#34;log&#34;: &#34;---------------------------- Captured stdout setup -----------------------------\nRun started at : 2023-11-29 09:30:51.895512\nTest Environment Set Up\n-----------------------\n--------------------------- Captured stdout teardown ---------------------------\n---------------------\nTest Environment Destroyed\nRun Completed at: 2023-11-29 09:31:22.765059\n&#34;}], &#34;Tests/Scripts/test_critical_comms.py::TestCriticalComms::test_critical_comms&#34;: [{&#34;extras&#34;: [], &#34;result&#34;: &#34;Passed&#34;, &#34;testId&#34;: &#34;Tests/Scripts/test_critical_comms.py::TestCriticalComms::test_critical_comms&#34;, &#34;duration&#34;: &#34;1 ms&#34;, &#34;resultsTableRow&#34;: [&#34;&lt;td class=\&#34;col-result\&#34;&gt;Passed&lt;/td&gt;&#34;, &#34;&lt;td class=\&#34;col-testId\&#34;&gt;Tests/Scripts/test_critical_comms.py::TestCriticalComms::test_critical_comms&lt;/td&gt;&#34;, &#34;&lt;td class=\&#34;col-duration\&#34;&gt;1 ms&lt;/td&gt;&#34;, &#34;&lt;td class=\&#34;col-links\&#34;&gt;&lt;/td&gt;&#34;], &#34;log&#34;: &#34;---------------------------- Captured stdout setup -----------------------------\nRun started at : 2023-11-29 09:31:31.405254\nTest Environment Set Up\n-----------------------\n--------------------------- Captured stdout teardown ---------------------------\n---------------------\nTest Environment Destroyed\nRun Completed at: 2023-11-29 09:31:49.685036\n&#34;}], &#34;Tests/Scripts/test_crm_page.py::TestCRMPage::test_crm_page&#34;: [{&#34;extras&#34;: [], &#34;result&#34;: &#34;Passed&#34;, &#34;testId&#34;: &#34;Tests/Scripts/test_crm_page.py::TestCRMPage::test_crm_page&#34;, &#34;duration&#34;: &#34;00:00:08&#34;, &#34;resultsTableRow&#34;: [&#34;&lt;td class=\&#34;col-result\&#34;&gt;Passed&lt;/td&gt;&#34;, &#34;&lt;td class=\&#34;col-testId\&#34;&gt;Tests/Scripts/test_crm_page.py::TestCRMPage::test_crm_page&lt;/td&gt;&#34;, &#34;&lt;td class=\&#34;col-duration\&#34;&gt;00:00:08&lt;/td&gt;&#34;, &#34;&lt;td class=\&#34;col-links\&#34;&gt;&lt;/td&gt;&#34;], &#34;log&#34;: &#34;---------------------------- Captured stdout setup -----------------------------\nRun started at : 2023-11-29 09:31:55.736922\nTest Environment Set Up\n-----------------------\n--------------------------- Captured stdout teardown ---------------------------\n---------------------\nTest Environment Destroyed\nRun Completed at: 2023-11-29 09:32:22.980971\n&#34;}], &#34;Tests/Scripts/test_form_builder.py::TestFormBuilder::test_form_builder&#34;: [{&#34;extras&#34;: [], &#34;result&#34;: &#34;Passed&#34;, &#34;testId&#34;: &#34;Tests/Scripts/test_form_builder.py::TestFormBuilder::test_form_builder&#34;, &#34;duration&#34;: &#34;16 ms&#34;, &#34;resultsTableRow&#34;: [&#34;&lt;td class=\&#34;col-result\&#34;&gt;Passed&lt;/td&gt;&#34;, &#34;&lt;td class=\&#34;col-testId\&#34;&gt;Tests/Scripts/test_form_builder.py::TestFormBuilder::test_form_builder&lt;/td&gt;&#34;, &#34;&lt;td class=\&#34;col-duration\&#34;&gt;16 ms&lt;/td&gt;&#34;, &#34;&lt;td class=\&#34;col-links\&#34;&gt;&lt;/td&gt;&#34;], &#34;log&#34;: &#34;---------------------------- Captured stdout setup -----------------------------\nRun started at : 2023-11-29 09:32:30.210934\nTest Environment Set Up\n-----------------------\n--------------------------- Captured stdout teardown ---------------------------\n---------------------\nTest Environment Destroyed\nRun Completed at: 2023-11-29 09:32:48.707294\n&#34;}], &#34;Tests/Scripts/test_mallcomm_mail.py::TestMallcommMail::test_mallcomm_mail&#34;: [{&#34;extras&#34;: [], &#34;result&#34;: &#34;Passed&#34;, &#34;testId&#34;: &#34;Tests/Scripts/test_mallcomm_mail.py::TestMallcommMail::test_mallcomm_mail&#34;, &#34;duration&#34;: &#34;00:00:04&#34;, &#34;resultsTableRow&#34;: [&#34;&lt;td class=\&#34;col-result\&#34;&gt;Passed&lt;/td&gt;&#34;, &#34;&lt;td class=\&#34;col-testId\&#34;&gt;Tests/Scripts/test_mallcomm_mail.py::TestMallcommMail::test_mallcomm_mail&lt;/td&gt;&#34;, &#34;&lt;td class=\&#34;col-duration\&#34;&gt;00:00:04&lt;/td&gt;&#34;, &#34;&lt;td class=\&#34;col-links\&#34;&gt;&lt;/td&gt;&#34;], &#34;log&#34;: &#34;---------------------------- Captured stdout setup -----------------------------\nRun started at : 2023-11-29 09:32:55.128416\nTest Environment Set Up\n-----------------------\n--------------------------- Captured stdout teardown ---------------------------\n---------------------\nTest Environment Destroyed\nRun Completed at: 2023-11-29 09:33:19.118262\n&#34;}], &#34;Tests/Scripts/test_manage_access_levels.py::TestManageAccessLevel::test_manage_access_level&#34;: [{&#34;extras&#34;: [], &#34;result&#34;: &#34;Failed&#34;, &#34;testId&#34;: &#34;Tests/Scripts/test_manage_access_levels.py::TestManageAccessLevel::test_manage_access_level&#34;, &#34;duration&#34;: &#34;00:00:25&#34;, &#34;resultsTableRow&#34;: [&#34;&lt;td class=\&#34;col-result\&#34;&gt;Failed&lt;/td&gt;&#34;, &#34;&lt;td class=\&#34;col-testId\&#34;&gt;Tests/Scripts/test_manage_access_levels.py::TestManageAccessLevel::test_manage_access_level&lt;/td&gt;&#34;, &#34;&lt;td class=\&#34;col-duration\&#34;&gt;00:00:25&lt;/td&gt;&#34;, &#34;&lt;td class=\&#34;col-links\&#34;&gt;&lt;/td&gt;&#34;], &#34;log&#34;: &#34;self = &amp;lt;Tests.Scripts.test_manage_access_levels.TestManageAccessLevel object at 0x10b121e50&amp;gt;\ntest_login = &amp;lt;selenium.webdriver.chrome.webdriver.WebDriver (session=\&#34;40217459c6152b04157fddabafc9bb22\&#34;)&amp;gt;\n\n    def test_manage_access_level(self, test_login):\n        driver = test_login\n    \n    \n        driver.find_element(By.XPATH, Locator.manage_dropdown).click()\n        sleep(2)\n    \n        # Navigate to the Manage access levels page\n        your_centre = driver.find_element(By.XPATH, Locator.your_centre_dropdown)\n        manage_access_level = driver.find_element(By.XPATH, Locator.manage_access_level)\n        hover = ActionChains(driver).move_to_element(your_centre).move_to_element(manage_access_level).click()\n        hover.perform()\n    \n        # Create access level\n        access_level = driver.find_element(By.XPATH, Locator.new_access_level)\n        access_level.send_keys(TestData.access_level_name)\n    \n        driver.find_element(By.XPATH, Locator.access_level_create_button).click()\n    \n&amp;gt;       alert = driver.find_element(By.XPATH, Locator.access_level_success_alert)\n\nTests/Scripts/test_manage_access_levels.py:32: \n_ _ _ _ _ _ _ _ _ _ _ _ _ _ _ _ _ _ _ _ _ _ _ _ _ _ _ _ _ _ _ _ _ _ _ _ _ _ _ _ _ _ _ _ _ _ _ _ _ _ _ _ _ _ _ _ \nvenv/lib/python3.9/site-packages/selenium/webdriver/remote/webdriver.py:738: in find_element\n    return self.execute(Command.FIND_ELEMENT, {\&#34;using\&#34;: by, \&#34;value\&#34;: value})[\&#34;value\&#34;]\nvenv/lib/python3.9/site-packages/selenium/webdriver/remote/webdriver.py:344: in execute\n    self.error_handler.check_response(response)\n_ _ _ _ _ _ _ _ _ _ _ _ _ _ _ _ _ _ _ _ _ _ _ _ _ _ _ _ _ _ _ _ _ _ _ _ _ _ _ _ _ _ _ _ _ _ _ _ _ _ _ _ _ _ _ _ \n\nself = &amp;lt;selenium.webdriver.remote.errorhandler.ErrorHandler object at 0x10b1facd0&amp;gt;\nresponse = {&#39;status&#39;: 404, &#39;value&#39;: &#39;{\&#34;value\&#34;:{\&#34;error\&#34;:\&#34;no such element\&#34;,\&#34;message\&#34;:\&#34;no such element: Unable to locate element: {\\...7ff80592c202 _pthread_start + 99\\\\n20  libsystem_pthread.dylib             0x00007ff805927bab thread_start + 15\\\\n\&#34;}}&#39;}\n\n    def check_response(self, response: Dict[str, Any]) -&amp;gt; None:\n        \&#34;\&#34;\&#34;Checks that a JSON response from the WebDriver does not have an\n        error.\n    \n        :Args:\n         - response - The JSON response from the WebDriver server as a dictionary\n           object.\n    \n        :Raises: If the response contains an error message.\n        \&#34;\&#34;\&#34;\n        status = response.get(\&#34;status\&#34;, None)\n        if not status or status == ErrorCode.SUCCESS:\n            return\n        value = None\n        message = response.get(\&#34;message\&#34;, \&#34;\&#34;)\n        screen: str = response.get(\&#34;screen\&#34;, \&#34;\&#34;)\n        stacktrace = None\n        if isinstance(status, int):\n            value_json = response.get(\&#34;value\&#34;, None)\n            if value_json and isinstance(value_json, str):\n                import json\n    \n                try:\n                    value = json.loads(value_json)\n                    if len(value) == 1:\n                        value = value[\&#34;value\&#34;]\n                    status = value.get(\&#34;error\&#34;, None)\n                    if not status:\n                        status = value.get(\&#34;status\&#34;, ErrorCode.UNKNOWN_ERROR)\n                        message = value.get(\&#34;value\&#34;) or value.get(\&#34;message\&#34;)\n                        if not isinstance(message, str):\n                            value = message\n                            message = message.get(\&#34;message\&#34;)\n                    else:\n                        message = value.get(\&#34;message\&#34;, None)\n                except ValueError:\n                    pass\n    \n        exception_class: Type[WebDriverException]\n        e = ErrorCode()\n        error_codes = [item for item in dir(e) if not item.startswith(\&#34;__\&#34;)]\n        for error_code in error_codes:\n            error_info = getattr(ErrorCode, error_code)\n            if isinstance(error_info, list) and status in error_info:\n                exception_class = getattr(ExceptionMapping, error_code, WebDriverException)\n                break\n        else:\n            exception_class = WebDriverException\n    \n        if not value:\n            value = response[\&#34;value\&#34;]\n        if isinstance(value, str):\n            raise exception_class(value)\n        if message == \&#34;\&#34; and \&#34;message\&#34; in value:\n            message = value[\&#34;message\&#34;]\n    \n        screen = None  # type: ignore[assignment]\n        if \&#34;screen\&#34; in value:\n            screen = value[\&#34;screen\&#34;]\n    \n        stacktrace = None\n        st_value = value.get(\&#34;stackTrace\&#34;) or value.get(\&#34;stacktrace\&#34;)\n        if st_value:\n            if isinstance(st_value, str):\n                stacktrace = st_value.split(\&#34;\\n\&#34;)\n            else:\n                stacktrace = []\n                try:\n                    for frame in st_value:\n                        line = frame.get(\&#34;lineNumber\&#34;, \&#34;\&#34;)\n                        file = frame.get(\&#34;fileName\&#34;, \&#34;&amp;lt;anonymous&amp;gt;\&#34;)\n                        if line:\n                            file = f\&#34;{file}:{line}\&#34;\n                        meth = frame.get(\&#34;methodName\&#34;, \&#34;&amp;lt;anonymous&amp;gt;\&#34;)\n                        if \&#34;className\&#34; in frame:\n                            meth = f\&#34;{frame[&#39;className&#39;]}.{meth}\&#34;\n                        msg = \&#34;    at %s (%s)\&#34;\n                        msg = msg % (meth, file)\n                        stacktrace.append(msg)\n                except TypeError:\n                    pass\n        if exception_class == UnexpectedAlertPresentException:\n            alert_text = None\n            if \&#34;data\&#34; in value:\n                alert_text = value[\&#34;data\&#34;].get(\&#34;text\&#34;)\n            elif \&#34;alert\&#34; in value:\n                alert_text = value[\&#34;alert\&#34;].get(\&#34;text\&#34;)\n            raise exception_class(message, screen, stacktrace, alert_text)  # type: ignore[call-arg]  # mypy is not smart enough here\n&amp;gt;       raise exception_class(message, screen, stacktrace)\nE       selenium.common.exceptions.NoSuchElementException: Message: no such element: Unable to locate element: {\&#34;method\&#34;:\&#34;xpath\&#34;,\&#34;selector\&#34;:\&#34;//div[@class=&#39;alert alert-success&#39;]\&#34;}\nE         (Session info: chrome=119.0.6045.159); For documentation on this error, please visit: https://www.selenium.dev/documentation/webdriver/troubleshooting/errors#no-such-element-exception\nE       Stacktrace:\nE       0   chromedriver                        0x00000001100a7d28 chromedriver + 4795688\nE       1   chromedriver                        0x000000011009f2b3 chromedriver + 4760243\nE       2   chromedriver                        0x000000010fc7888d chromedriver + 407693\nE       3   chromedriver                        0x000000010fcc73d9 chromedriver + 730073\nE       4   chromedriver                        0x000000010fcc7591 chromedriver + 730513\nE       5   chromedriver                        0x000000010fd0d7e4 chromedriver + 1017828\nE       6   chromedriver                        0x000000010fceeccd chromedriver + 892109\nE       7   chromedriver                        0x000000010fd0ab2b chromedriver + 1006379\nE       8   chromedriver                        0x000000010fceea73 chromedriver + 891507\nE       9   chromedriver                        0x000000010fcb9143 chromedriver + 672067\nE       10  chromedriver                        0x000000010fcba31e chromedriver + 676638\nE       11  chromedriver                        0x0000000110068795 chromedriver + 4536213\nE       12  chromedriver                        0x000000011006d853 chromedriver + 4556883\nE       13  chromedriver                        0x000000011004e001 chromedriver + 4427777\nE       14  chromedriver                        0x000000011006e59d chromedriver + 4560285\nE       15  chromedriver                        0x000000011003f48c chromedriver + 4367500\nE       16  chromedriver                        0x000000011008e0e8 chromedriver + 4690152\nE       17  chromedriver                        0x000000011008e29e chromedriver + 4690590\nE       18  chromedriver                        0x000000011009eeee chromedriver + 4759278\nE       19  libsystem_pthread.dylib             0x00007ff80592c202 _pthread_start + 99\nE       20  libsystem_pthread.dylib             0x00007ff805927bab thread_start + 15\n\nvenv/lib/python3.9/site-packages/selenium/webdriver/remote/errorhandler.py:229: NoSuchElementException\n\n---------------------------- Captured stdout setup -----------------------------\nRun started at : 2023-11-29 09:33:26.352811\nTest Environment Set Up\n-----------------------\n--------------------------- Captured stdout teardown ---------------------------\n---------------------\nTest Environment Destroyed\nRun Completed at: 2023-11-29 09:34:12.445623\n&#34;}], &#34;Tests/Scripts/test_manage_centre_tags.py::TestManageCentreTags::test_manage_centre_tags&#34;: [{&#34;extras&#34;: [], &#34;result&#34;: &#34;Failed&#34;, &#34;testId&#34;: &#34;Tests/Scripts/test_manage_centre_tags.py::TestManageCentreTags::test_manage_centre_tags&#34;, &#34;duration&#34;: &#34;00:00:03&#34;, &#34;resultsTableRow&#34;: [&#34;&lt;td class=\&#34;col-result\&#34;&gt;Failed&lt;/td&gt;&#34;, &#34;&lt;td class=\&#34;col-testId\&#34;&gt;Tests/Scripts/test_manage_centre_tags.py::TestManageCentreTags::test_manage_centre_tags&lt;/td&gt;&#34;, &#34;&lt;td class=\&#34;col-duration\&#34;&gt;00:00:03&lt;/td&gt;&#34;, &#34;&lt;td class=\&#34;col-links\&#34;&gt;&lt;/td&gt;&#34;], &#34;log&#34;: &#34;self = &amp;lt;Tests.Scripts.test_manage_centre_tags.TestManageCentreTags object at 0x10b130160&amp;gt;\ntest_login = &amp;lt;selenium.webdriver.chrome.webdriver.WebDriver (session=\&#34;3980999979f8202a2bb4208b297cfd17\&#34;)&amp;gt;\n\n    def test_manage_centre_tags(self, test_login):\n        driver = test_login\n    \n        driver.find_element(By.XPATH, Locator.manage_dropdown).click()\n    \n        # Navigate to the centre tags\n        tags_management = driver.find_element(By.XPATH, Locator.tags_management)\n        centre_tags = driver.find_element(By.XPATH, Locator.centre_tags)\n        hover = ActionChains(driver).move_to_element(tags_management).move_to_element(centre_tags).click()\n        hover.perform()\n    \n        # Add tag\n        driver.find_element(By.XPATH, Locator.add_tag_button).click()\n    \n        driver.find_element(By.XPATH, Locator.tag).send_keys(TestData.tag)\n        driver.find_element(By.XPATH, Locator.display_label).send_keys(TestData.display_label)\n    \n&amp;gt;       driver.find_element(By.XPATH, )\n\nTests/Scripts/test_manage_centre_tags.py:30: \n_ _ _ _ _ _ _ _ _ _ _ _ _ _ _ _ _ _ _ _ _ _ _ _ _ _ _ _ _ _ _ _ _ _ _ _ _ _ _ _ _ _ _ _ _ _ _ _ _ _ _ _ _ _ _ _ \nvenv/lib/python3.9/site-packages/selenium/webdriver/remote/webdriver.py:738: in find_element\n    return self.execute(Command.FIND_ELEMENT, {\&#34;using\&#34;: by, \&#34;value\&#34;: value})[\&#34;value\&#34;]\nvenv/lib/python3.9/site-packages/selenium/webdriver/remote/webdriver.py:344: in execute\n    self.error_handler.check_response(response)\n_ _ _ _ _ _ _ _ _ _ _ _ _ _ _ _ _ _ _ _ _ _ _ _ _ _ _ _ _ _ _ _ _ _ _ _ _ _ _ _ _ _ _ _ _ _ _ _ _ _ _ _ _ _ _ _ \n\nself = &amp;lt;selenium.webdriver.remote.errorhandler.ErrorHandler object at 0x10b1f7a90&amp;gt;\nresponse = {&#39;status&#39;: 400, &#39;value&#39;: &#39;{\&#34;value\&#34;:{\&#34;error\&#34;:\&#34;invalid argument\&#34;,\&#34;message\&#34;:\&#34;invalid argument: \\&#39;value\\&#39; must be a string...7ff80592c202 _pthread_start + 99\\\\n20  libsystem_pthread.dylib             0x00007ff805927bab thread_start + 15\\\\n\&#34;}}&#39;}\n\n    def check_response(self, response: Dict[str, Any]) -&amp;gt; None:\n        \&#34;\&#34;\&#34;Checks that a JSON response from the WebDriver does not have an\n        error.\n    \n        :Args:\n         - response - The JSON response from the WebDriver server as a dictionary\n           object.\n    \n        :Raises: If the response contains an error message.\n        \&#34;\&#34;\&#34;\n        status = response.get(\&#34;status\&#34;, None)\n        if not status or status == ErrorCode.SUCCESS:\n            return\n        value = None\n        message = response.get(\&#34;message\&#34;, \&#34;\&#34;)\n        screen: str = response.get(\&#34;screen\&#34;, \&#34;\&#34;)\n        stacktrace = None\n        if isinstance(status, int):\n            value_json = response.get(\&#34;value\&#34;, None)\n            if value_json and isinstance(value_json, str):\n                import json\n    \n                try:\n                    value = json.loads(value_json)\n                    if len(value) == 1:\n                        value = value[\&#34;value\&#34;]\n                    status = value.get(\&#34;error\&#34;, None)\n                    if not status:\n                        status = value.get(\&#34;status\&#34;, ErrorCode.UNKNOWN_ERROR)\n                        message = value.get(\&#34;value\&#34;) or value.get(\&#34;message\&#34;)\n                        if not isinstance(message, str):\n                            value = message\n                            message = message.get(\&#34;message\&#34;)\n                    else:\n                        message = value.get(\&#34;message\&#34;, None)\n                except ValueError:\n                    pass\n    \n        exception_class: Type[WebDriverException]\n        e = ErrorCode()\n        error_codes = [item for item in dir(e) if not item.startswith(\&#34;__\&#34;)]\n        for error_code in error_codes:\n            error_info = getattr(ErrorCode, error_code)\n            if isinstance(error_info, list) and status in error_info:\n                exception_class = getattr(ExceptionMapping, error_code, WebDriverException)\n                break\n        else:\n            exception_class = WebDriverException\n    \n        if not value:\n            value = response[\&#34;value\&#34;]\n        if isinstance(value, str):\n            raise exception_class(value)\n        if message == \&#34;\&#34; and \&#34;message\&#34; in value:\n            message = value[\&#34;message\&#34;]\n    \n        screen = None  # type: ignore[assignment]\n        if \&#34;screen\&#34; in value:\n            screen = value[\&#34;screen\&#34;]\n    \n        stacktrace = None\n        st_value = value.get(\&#34;stackTrace\&#34;) or value.get(\&#34;stacktrace\&#34;)\n        if st_value:\n            if isinstance(st_value, str):\n                stacktrace = st_value.split(\&#34;\\n\&#34;)\n            else:\n                stacktrace = []\n                try:\n                    for frame in st_value:\n                        line = frame.get(\&#34;lineNumber\&#34;, \&#34;\&#34;)\n                        file = frame.get(\&#34;fileName\&#34;, \&#34;&amp;lt;anonymous&amp;gt;\&#34;)\n                        if line:\n                            file = f\&#34;{file}:{line}\&#34;\n                        meth = frame.get(\&#34;methodName\&#34;, \&#34;&amp;lt;anonymous&amp;gt;\&#34;)\n                        if \&#34;className\&#34; in frame:\n                            meth = f\&#34;{frame[&#39;className&#39;]}.{meth}\&#34;\n                        msg = \&#34;    at %s (%s)\&#34;\n                        msg = msg % (meth, file)\n                        stacktrace.append(msg)\n                except TypeError:\n                    pass\n        if exception_class == UnexpectedAlertPresentException:\n            alert_text = None\n            if \&#34;data\&#34; in value:\n                alert_text = value[\&#34;data\&#34;].get(\&#34;text\&#34;)\n            elif \&#34;alert\&#34; in value:\n                alert_text = value[\&#34;alert\&#34;].get(\&#34;text\&#34;)\n            raise exception_class(message, screen, stacktrace, alert_text)  # type: ignore[call-arg]  # mypy is not smart enough here\n&amp;gt;       raise exception_class(message, screen, stacktrace)\nE       selenium.common.exceptions.InvalidArgumentException: Message: invalid argument: &#39;value&#39; must be a string\nE         (Session info: chrome=119.0.6045.159)\nE       Stacktrace:\nE       0   chromedriver                        0x0000000107b70d28 chromedriver + 4795688\nE       1   chromedriver                        0x0000000107b682b3 chromedriver + 4760243\nE       2   chromedriver                        0x000000010774188d chromedriver + 407693\nE       3   chromedriver                        0x000000010778fb48 chromedriver + 727880\nE       4   chromedriver                        0x0000000107790591 chromedriver + 730513\nE       5   chromedriver                        0x00000001077d67e4 chromedriver + 1017828\nE       6   chromedriver                        0x00000001077b7ccd chromedriver + 892109\nE       7   chromedriver                        0x00000001077d3b2b chromedriver + 1006379\nE       8   chromedriver                        0x00000001077b7a73 chromedriver + 891507\nE       9   chromedriver                        0x0000000107782143 chromedriver + 672067\nE       10  chromedriver                        0x000000010778331e chromedriver + 676638\nE       11  chromedriver                        0x0000000107b31795 chromedriver + 4536213\nE       12  chromedriver                        0x0000000107b36853 chromedriver + 4556883\nE       13  chromedriver                        0x0000000107b17001 chromedriver + 4427777\nE       14  chromedriver                        0x0000000107b3759d chromedriver + 4560285\nE       15  chromedriver                        0x0000000107b0848c chromedriver + 4367500\nE       16  chromedriver                        0x0000000107b570e8 chromedriver + 4690152\nE       17  chromedriver                        0x0000000107b5729e chromedriver + 4690590\nE       18  chromedriver                        0x0000000107b67eee chromedriver + 4759278\nE       19  libsystem_pthread.dylib             0x00007ff80592c202 _pthread_start + 99\nE       20  libsystem_pthread.dylib             0x00007ff805927bab thread_start + 15\n\nvenv/lib/python3.9/site-packages/selenium/webdriver/remote/errorhandler.py:229: InvalidArgumentException\n\n---------------------------- Captured stdout setup -----------------------------\nRun started at : 2023-11-29 09:34:17.987070\nTest Environment Set Up\n-----------------------\n--------------------------- Captured stdout teardown ---------------------------\n---------------------\nTest Environment Destroyed\nRun Completed at: 2023-11-29 09:34:39.381417\n&#34;}], &#34;Tests/Scripts/test_manage_deleted_items.py::TestManageDeletedItems::test_manage_deleted_items&#34;: [{&#34;extras&#34;: [], &#34;result&#34;: &#34;Passed&#34;, &#34;testId&#34;: &#34;Tests/Scripts/test_manage_deleted_items.py::TestManageDeletedItems::test_manage_deleted_items&#34;, &#34;duration&#34;: &#34;1 ms&#34;, &#34;resultsTableRow&#34;: [&#34;&lt;td class=\&#34;col-result\&#34;&gt;Passed&lt;/td&gt;&#34;, &#34;&lt;td class=\&#34;col-testId\&#34;&gt;Tests/Scripts/test_manage_deleted_items.py::TestManageDeletedItems::test_manage_deleted_items&lt;/td&gt;&#34;, &#34;&lt;td class=\&#34;col-duration\&#34;&gt;1 ms&lt;/td&gt;&#34;, &#34;&lt;td class=\&#34;col-links\&#34;&gt;&lt;/td&gt;&#34;], &#34;log&#34;: &#34;---------------------------- Captured stdout setup -----------------------------\nRun started at : 2023-11-29 09:34:51.134139\nTest Environment Set Up\n-----------------------\n--------------------------- Captured stdout teardown ---------------------------\n---------------------\nTest Environment Destroyed\nRun Completed at: 2023-11-29 09:35:11.155984\n&#34;}], &#34;Tests/Scripts/test_manage_deleted_stores.py::TestManageDeletedStores::test_manage_deleted_stores&#34;: [{&#34;extras&#34;: [], &#34;result&#34;: &#34;Passed&#34;, &#34;testId&#34;: &#34;Tests/Scripts/test_manage_deleted_stores.py::TestManageDeletedStores::test_manage_deleted_stores&#34;, &#34;duration&#34;: &#34;1 ms&#34;, &#34;resultsTableRow&#34;: [&#34;&lt;td class=\&#34;col-result\&#34;&gt;Passed&lt;/td&gt;&#34;, &#34;&lt;td class=\&#34;col-testId\&#34;&gt;Tests/Scripts/test_manage_deleted_stores.py::TestManageDeletedStores::test_manage_deleted_stores&lt;/td&gt;&#34;, &#34;&lt;td class=\&#34;col-duration\&#34;&gt;1 ms&lt;/td&gt;&#34;, &#34;&lt;td class=\&#34;col-links\&#34;&gt;&lt;/td&gt;&#34;], &#34;log&#34;: &#34;---------------------------- Captured stdout setup -----------------------------\nRun started at : 2023-11-29 09:35:17.373868\nTest Environment Set Up\n-----------------------\n--------------------------- Captured stdout teardown ---------------------------\n---------------------\nTest Environment Destroyed\nRun Completed at: 2023-11-29 09:35:37.925279\n&#34;}], &#34;Tests/Scripts/test_manage_your_buttons.py::TestManageYourButtons::test_manage_your_buttons&#34;: [{&#34;extras&#34;: [], &#34;result&#34;: &#34;Passed&#34;, &#34;testId&#34;: &#34;Tests/Scripts/test_manage_your_buttons.py::TestManageYourButtons::test_manage_your_buttons&#34;, &#34;duration&#34;: &#34;17 ms&#34;, &#34;resultsTableRow&#34;: [&#34;&lt;td class=\&#34;col-result\&#34;&gt;Passed&lt;/td&gt;&#34;, &#34;&lt;td class=\&#34;col-testId\&#34;&gt;Tests/Scripts/test_manage_your_buttons.py::TestManageYourButtons::test_manage_your_buttons&lt;/td&gt;&#34;, &#34;&lt;td class=\&#34;col-duration\&#34;&gt;17 ms&lt;/td&gt;&#34;, &#34;&lt;td class=\&#34;col-links\&#34;&gt;&lt;/td&gt;&#34;], &#34;log&#34;: &#34;---------------------------- Captured stdout setup -----------------------------\nRun started at : 2023-11-29 09:35:44.613388\nTest Environment Set Up\n-----------------------\n--------------------------- Captured stdout teardown ---------------------------\n---------------------\nTest Environment Destroyed\nRun Completed at: 2023-11-29 09:36:04.820779\n&#34;}], &#34;Tests/Scripts/test_manage_your_centre.py::TestManageYourCentre::test_manage_your_centre&#34;: [{&#34;extras&#34;: [], &#34;result&#34;: &#34;Passed&#34;, &#34;testId&#34;: &#34;Tests/Scripts/test_manage_your_centre.py::TestManageYourCentre::test_manage_your_centre&#34;, &#34;duration&#34;: &#34;00:00:03&#34;, &#34;resultsTableRow&#34;: [&#34;&lt;td class=\&#34;col-result\&#34;&gt;Passed&lt;/td&gt;&#34;, &#34;&lt;td class=\&#34;col-testId\&#34;&gt;Tests/Scripts/test_manage_your_centre.py::TestManageYourCentre::test_manage_your_centre&lt;/td&gt;&#34;, &#34;&lt;td class=\&#34;col-duration\&#34;&gt;00:00:03&lt;/td&gt;&#34;, &#34;&lt;td class=\&#34;col-links\&#34;&gt;&lt;/td&gt;&#34;], &#34;log&#34;: &#34;---------------------------- Captured stdout setup -----------------------------\nRun started at : 2023-11-29 09:36:11.611525\nTest Environment Set Up\n-----------------------\n--------------------------- Captured stdout teardown ---------------------------\n---------------------\nTest Environment Destroyed\nRun Completed at: 2023-11-29 09:36:34.829308\n&#34;}], &#34;Tests/Scripts/test_owner_config.py::TestOwnerConfig::test_owner_config_page&#34;: [{&#34;extras&#34;: [], &#34;result&#34;: &#34;Passed&#34;, &#34;testId&#34;: &#34;Tests/Scripts/test_owner_config.py::TestOwnerConfig::test_owner_config_page&#34;, &#34;duration&#34;: &#34;4 ms&#34;, &#34;resultsTableRow&#34;: [&#34;&lt;td class=\&#34;col-result\&#34;&gt;Passed&lt;/td&gt;&#34;, &#34;&lt;td class=\&#34;col-testId\&#34;&gt;Tests/Scripts/test_owner_config.py::TestOwnerConfig::test_owner_config_page&lt;/td&gt;&#34;, &#34;&lt;td class=\&#34;col-duration\&#34;&gt;4 ms&lt;/td&gt;&#34;, &#34;&lt;td class=\&#34;col-links\&#34;&gt;&lt;/td&gt;&#34;], &#34;log&#34;: &#34;---------------------------- Captured stdout setup -----------------------------\nRun started at : 2023-11-29 09:36:41.590665\nTest Environment Set Up\n-----------------------\n--------------------------- Captured stdout teardown ---------------------------\n---------------------\nTest Environment Destroyed\nRun Completed at: 2023-11-29 09:37:00.257422\n&#34;}], &#34;Tests/Scripts/test_plugins_config.py::TestPluginsConfig::test_plugins_config&#34;: [{&#34;extras&#34;: [], &#34;result&#34;: &#34;Passed&#34;, &#34;testId&#34;: &#34;Tests/Scripts/test_plugins_config.py::TestPluginsConfig::test_plugins_config&#34;, &#34;duration&#34;: &#34;1 ms&#34;, &#34;resultsTableRow&#34;: [&#34;&lt;td class=\&#34;col-result\&#34;&gt;Passed&lt;/td&gt;&#34;, &#34;&lt;td class=\&#34;col-testId\&#34;&gt;Tests/Scripts/test_plugins_config.py::TestPluginsConfig::test_plugins_config&lt;/td&gt;&#34;, &#34;&lt;td class=\&#34;col-duration\&#34;&gt;1 ms&lt;/td&gt;&#34;, &#34;&lt;td class=\&#34;col-links\&#34;&gt;&lt;/td&gt;&#34;], &#34;log&#34;: &#34;---------------------------- Captured stdout setup -----------------------------\nRun started at : 2023-11-29 09:37:09.303798\nTest Environment Set Up\n-----------------------\n--------------------------- Captured stdout teardown ---------------------------\n---------------------\nTest Environment Destroyed\nRun Completed at: 2023-11-29 09:37:27.435847\n&#34;}], &#34;Tests/Scripts/test_send_push_notification.py::TestSendPushNotification::test_send_push_notification&#34;: [{&#34;extras&#34;: [], &#34;result&#34;: &#34;Passed&#34;, &#34;testId&#34;: &#34;Tests/Scripts/test_send_push_notification.py::TestSendPushNotification::test_send_push_notification&#34;, &#34;duration&#34;: &#34;1 ms&#34;, &#34;resultsTableRow&#34;: [&#34;&lt;td class=\&#34;col-result\&#34;&gt;Passed&lt;/td&gt;&#34;, &#34;&lt;td class=\&#34;col-testId\&#34;&gt;Tests/Scripts/test_send_push_notification.py::TestSendPushNotification::test_send_push_notification&lt;/td&gt;&#34;, &#34;&lt;td class=\&#34;col-duration\&#34;&gt;1 ms&lt;/td&gt;&#34;, &#34;&lt;td class=\&#34;col-links\&#34;&gt;&lt;/td&gt;&#34;], &#34;log&#34;: &#34;---------------------------- Captured stdout setup -----------------------------\nRun started at : 2023-11-29 09:37:33.319959\nTest Environment Set Up\n-----------------------\n--------------------------- Captured stdout teardown ---------------------------\n---------------------\nTest Environment Destroyed\nRun Completed at: 2023-11-29 09:37:51.156683\n&#34;}], &#34;Tests/Scripts/test_ticket_notifications.py::TestTicketNotification::test_ticket_notification&#34;: [{&#34;extras&#34;: [], &#34;result&#34;: &#34;Passed&#34;, &#34;testId&#34;: &#34;Tests/Scripts/test_ticket_notifications.py::TestTicketNotification::test_ticket_notification&#34;, &#34;duration&#34;: &#34;1 ms&#34;, &#34;resultsTableRow&#34;: [&#34;&lt;td class=\&#34;col-result\&#34;&gt;Passed&lt;/td&gt;&#34;, &#34;&lt;td class=\&#34;col-testId\&#34;&gt;Tests/Scripts/test_ticket_notifications.py::TestTicketNotification::test_ticket_notification&lt;/td&gt;&#34;, &#34;&lt;td class=\&#34;col-duration\&#34;&gt;1 ms&lt;/td&gt;&#34;, &#34;&lt;td class=\&#34;col-links\&#34;&gt;&lt;/td&gt;&#34;], &#34;log&#34;: &#34;---------------------------- Captured stdout setup -----------------------------\nRun started at : 2023-11-29 09:37:56.898138\nTest Environment Set Up\n-----------------------\n--------------------------- Captured stdout teardown ---------------------------\n---------------------\nTest Environment Destroyed\nRun Completed at: 2023-11-29 09:38:14.662808\n&#34;}], &#34;Tests/Scripts/test_ticket_permissions.py::TestTicketPermissions::test_ticket_permissions&#34;: [{&#34;extras&#34;: [], &#34;result&#34;: &#34;Failed&#34;, &#34;testId&#34;: &#34;Tests/Scripts/test_ticket_permissions.py::TestTicketPermissions::test_ticket_permissions&#34;, &#34;duration&#34;: &#34;00:00:21&#34;, &#34;resultsTableRow&#34;: [&#34;&lt;td class=\&#34;col-result\&#34;&gt;Failed&lt;/td&gt;&#34;, &#34;&lt;td class=\&#34;col-testId\&#34;&gt;Tests/Scripts/test_ticket_permissions.py::TestTicketPermissions::test_ticket_permissions&lt;/td&gt;&#34;, &#34;&lt;td class=\&#34;col-duration\&#34;&gt;00:00:21&lt;/td&gt;&#34;, &#34;&lt;td class=\&#34;col-links\&#34;&gt;&lt;/td&gt;&#34;], &#34;log&#34;: &#34;self = &amp;lt;Tests.Scripts.test_ticket_permissions.TestTicketPermissions object at 0x10b138940&amp;gt;\ntest_login = &amp;lt;selenium.webdriver.chrome.webdriver.WebDriver (session=\&#34;e18b75f4a847412fa7ad6c25f66b6db2\&#34;)&amp;gt;\n\n    def test_ticket_permissions(self, test_login):\n        driver = test_login\n    \n    \n        #\u00a0Test Ticket Permissions\n        driver.find_element(By.XPATH, Locator.manage_dropdown).click()\n        driver.find_element(By.XPATH, Locator.ticket_permissions).click()\n    \n        # Turn on some toggles\n&amp;gt;       driver.find_element(By.XPATH, Locator.create_toggle_permission).click()\n\nTests/Scripts/test_ticket_permissions.py:21: \n_ _ _ _ _ _ _ _ _ _ _ _ _ _ _ _ _ _ _ _ _ _ _ _ _ _ _ _ _ _ _ _ _ _ _ _ _ _ _ _ _ _ _ _ _ _ _ _ _ _ _ _ _ _ _ _ \nvenv/lib/python3.9/site-packages/selenium/webdriver/remote/webelement.py:93: in click\n    self._execute(Command.CLICK_ELEMENT)\nvenv/lib/python3.9/site-packages/selenium/webdriver/remote/webelement.py:394: in _execute\n    return self._parent.execute(command, params)\nvenv/lib/python3.9/site-packages/selenium/webdriver/remote/webdriver.py:344: in execute\n    self.error_handler.check_response(response)\n_ _ _ _ _ _ _ _ _ _ _ _ _ _ _ _ _ _ _ _ _ _ _ _ _ _ _ _ _ _ _ _ _ _ _ _ _ _ _ _ _ _ _ _ _ _ _ _ _ _ _ _ _ _ _ _ \n\nself = &amp;lt;selenium.webdriver.remote.errorhandler.ErrorHandler object at 0x10b335af0&amp;gt;\nresponse = {&#39;status&#39;: 400, &#39;value&#39;: &#39;{\&#34;value\&#34;:{\&#34;error\&#34;:\&#34;element not interactable\&#34;,\&#34;message\&#34;:\&#34;element not interactable\\\\n  (Sessio...7ff80592c202 _pthread_start + 99\\\\n21  libsystem_pthread.dylib             0x00007ff805927bab thread_start + 15\\\\n\&#34;}}&#39;}\n\n    def check_response(self, response: Dict[str, Any]) -&amp;gt; None:\n        \&#34;\&#34;\&#34;Checks that a JSON response from the WebDriver does not have an\n        error.\n    \n        :Args:\n         - response - The JSON response from the WebDriver server as a dictionary\n           object.\n    \n        :Raises: If the response contains an error message.\n        \&#34;\&#34;\&#34;\n        status = response.get(\&#34;status\&#34;, None)\n        if not status or status == ErrorCode.SUCCESS:\n            return\n        value = None\n        message = response.get(\&#34;message\&#34;, \&#34;\&#34;)\n        screen: str = response.get(\&#34;screen\&#34;, \&#34;\&#34;)\n        stacktrace = None\n        if isinstance(status, int):\n            value_json = response.get(\&#34;value\&#34;, None)\n            if value_json and isinstance(value_json, str):\n                import json\n    \n                try:\n                    value = json.loads(value_json)\n                    if len(value) == 1:\n                        value = value[\&#34;value\&#34;]\n                    status = value.get(\&#34;error\&#34;, None)\n                    if not status:\n                        status = value.get(\&#34;status\&#34;, ErrorCode.UNKNOWN_ERROR)\n                        message = value.get(\&#34;value\&#34;) or value.get(\&#34;message\&#34;)\n                        if not isinstance(message, str):\n                            value = message\n                            message = message.get(\&#34;message\&#34;)\n                    else:\n                        message = value.get(\&#34;message\&#34;, None)\n                except ValueError:\n                    pass\n    \n        exception_class: Type[WebDriverException]\n        e = ErrorCode()\n        error_codes = [item for item in dir(e) if not item.startswith(\&#34;__\&#34;)]\n        for error_code in error_codes:\n            error_info = getattr(ErrorCode, error_code)\n            if isinstance(error_info, list) and status in error_info:\n                exception_class = getattr(ExceptionMapping, error_code, WebDriverException)\n                break\n        else:\n            exception_class = WebDriverException\n    \n        if not value:\n            value = response[\&#34;value\&#34;]\n        if isinstance(value, str):\n            raise exception_class(value)\n        if message == \&#34;\&#34; and \&#34;message\&#34; in value:\n            message = value[\&#34;message\&#34;]\n    \n        screen = None  # type: ignore[assignment]\n        if \&#34;screen\&#34; in value:\n            screen = value[\&#34;screen\&#34;]\n    \n        stacktrace = None\n        st_value = value.get(\&#34;stackTrace\&#34;) or value.get(\&#34;stacktrace\&#34;)\n        if st_value:\n            if isinstance(st_value, str):\n                stacktrace = st_value.split(\&#34;\\n\&#34;)\n            else:\n                stacktrace = []\n                try:\n                    for frame in st_value:\n                        line = frame.get(\&#34;lineNumber\&#34;, \&#34;\&#34;)\n                        file = frame.get(\&#34;fileName\&#34;, \&#34;&amp;lt;anonymous&amp;gt;\&#34;)\n                        if line:\n                            file = f\&#34;{file}:{line}\&#34;\n                        meth = frame.get(\&#34;methodName\&#34;, \&#34;&amp;lt;anonymous&amp;gt;\&#34;)\n                        if \&#34;className\&#34; in frame:\n                            meth = f\&#34;{frame[&#39;className&#39;]}.{meth}\&#34;\n                        msg = \&#34;    at %s (%s)\&#34;\n                        msg = msg % (meth, file)\n                        stacktrace.append(msg)\n                except TypeError:\n                    pass\n        if exception_class == UnexpectedAlertPresentException:\n            alert_text = None\n            if \&#34;data\&#34; in value:\n                alert_text = value[\&#34;data\&#34;].get(\&#34;text\&#34;)\n            elif \&#34;alert\&#34; in value:\n                alert_text = value[\&#34;alert\&#34;].get(\&#34;text\&#34;)\n            raise exception_class(message, screen, stacktrace, alert_text)  # type: ignore[call-arg]  # mypy is not smart enough here\n&amp;gt;       raise exception_class(message, screen, stacktrace)\nE       selenium.common.exceptions.ElementNotInteractableException: Message: element not interactable\nE         (Session info: chrome=119.0.6045.159)\nE       Stacktrace:\nE       0   chromedriver                        0x00000001018ccd28 chromedriver + 4795688\nE       1   chromedriver                        0x00000001018c42b3 chromedriver + 4760243\nE       2   chromedriver                        0x000000010149d6bd chromedriver + 407229\nE       3   chromedriver                        0x00000001014edb43 chromedriver + 736067\nE       4   chromedriver                        0x00000001014e03fa chromedriver + 680954\nE       5   chromedriver                        0x0000000101513ca2 chromedriver + 892066\nE       6   chromedriver                        0x00000001014dfc63 chromedriver + 679011\nE       7   chromedriver                        0x0000000101513e5e chromedriver + 892510\nE       8   chromedriver                        0x000000010152fb2b chromedriver + 1006379\nE       9   chromedriver                        0x0000000101513a73 chromedriver + 891507\nE       10  chromedriver                        0x00000001014de143 chromedriver + 672067\nE       11  chromedriver                        0x00000001014df31e chromedriver + 676638\nE       12  chromedriver                        0x000000010188d795 chromedriver + 4536213\nE       13  chromedriver                        0x0000000101892853 chromedriver + 4556883\nE       14  chromedriver                        0x0000000101873001 chromedriver + 4427777\nE       15  chromedriver                        0x000000010189359d chromedriver + 4560285\nE       16  chromedriver                        0x000000010186448c chromedriver + 4367500\nE       17  chromedriver                        0x00000001018b30e8 chromedriver + 4690152\nE       18  chromedriver                        0x00000001018b329e chromedriver + 4690590\nE       19  chromedriver                        0x00000001018c3eee chromedriver + 4759278\nE       20  libsystem_pthread.dylib             0x00007ff80592c202 _pthread_start + 99\nE       21  libsystem_pthread.dylib             0x00007ff805927bab thread_start + 15\n\nvenv/lib/python3.9/site-packages/selenium/webdriver/remote/errorhandler.py:229: ElementNotInteractableException\n\n---------------------------- Captured stdout setup -----------------------------\nRun started at : 2023-11-29 09:38:20.142058\nTest Environment Set Up\n-----------------------\n--------------------------- Captured stdout teardown ---------------------------\n---------------------\nTest Environment Destroyed\nRun Completed at: 2023-11-29 09:38:59.180991\n&#34;}], &#34;Tests/Scripts/test_ticket_responses.py::TestTicketResponses::test_ticket_responses&#34;: [{&#34;extras&#34;: [], &#34;result&#34;: &#34;Passed&#34;, &#34;testId&#34;: &#34;Tests/Scripts/test_ticket_responses.py::TestTicketResponses::test_ticket_responses&#34;, &#34;duration&#34;: &#34;00:00:04&#34;, &#34;resultsTableRow&#34;: [&#34;&lt;td class=\&#34;col-result\&#34;&gt;Passed&lt;/td&gt;&#34;, &#34;&lt;td class=\&#34;col-testId\&#34;&gt;Tests/Scripts/test_ticket_responses.py::TestTicketResponses::test_ticket_responses&lt;/td&gt;&#34;, &#34;&lt;td class=\&#34;col-duration\&#34;&gt;00:00:04&lt;/td&gt;&#34;, &#34;&lt;td class=\&#34;col-links\&#34;&gt;&lt;/td&gt;&#34;], &#34;log&#34;: &#34;---------------------------- Captured stdout setup -----------------------------\nRun started at : 2023-11-29 09:39:04.941019\nTest Environment Set Up\n-----------------------\n--------------------------- Captured stdout teardown ---------------------------\n---------------------\nTest Environment Destroyed\nRun Completed at: 2023-11-29 09:39:26.350495\n&#34;}], &#34;Tests/Scripts/test_virtual_onboarding.py::TestVirtualOnboarding::test_virtual_onboarding&#34;: [{&#34;extras&#34;: [], &#34;result&#34;: &#34;Passed&#34;, &#34;testId&#34;: &#34;Tests/Scripts/test_virtual_onboarding.py::TestVirtualOnboarding::test_virtual_onboarding&#34;, &#34;duration&#34;: &#34;00:00:04&#34;, &#34;resultsTableRow&#34;: [&#34;&lt;td class=\&#34;col-result\&#34;&gt;Passed&lt;/td&gt;&#34;, &#34;&lt;td class=\&#34;col-testId\&#34;&gt;Tests/Scripts/test_virtual_onboarding.py::TestVirtualOnboarding::test_virtual_onboarding&lt;/td&gt;&#34;, &#34;&lt;td class=\&#34;col-duration\&#34;&gt;00:00:04&lt;/td&gt;&#34;, &#34;&lt;td class=\&#34;col-links\&#34;&gt;&lt;/td&gt;&#34;], &#34;log&#34;: &#34;---------------------------- Captured stdout setup -----------------------------\nRun started at : 2023-11-29 09:39:32.257700\nTest Environment Set Up\n-----------------------\n--------------------------- Captured stdout teardown ---------------------------\n---------------------\nTest Environment Destroyed\nRun Completed at: 2023-11-29 09:39:54.252223\n&#34;}]}, &#34;renderCollapsed&#34;: [&#34;passed&#34;], &#34;initialSort&#34;: &#34;result&#34;, &#34;title&#34;: &#34;report.html&#34;}"></div>
    <script>
      (function(){function r(e,n,t){function o(i,f){if(!n[i]){if(!e[i]){var c="function"==typeof require&&require;if(!f&&c)return c(i,!0);if(u)return u(i,!0);var a=new Error("Cannot find module '"+i+"'");throw a.code="MODULE_NOT_FOUND",a}var p=n[i]={exports:{}};e[i][0].call(p.exports,function(r){var n=e[i][1][r];return o(n||r)},p,p.exports,r,e,n,t)}return n[i].exports}for(var u="function"==typeof require&&require,i=0;i<t.length;i++)o(t[i]);return o}return r})()({1:[function(require,module,exports){
const { getCollapsedCategory, setCollapsedIds } = require('./storage.js')

class DataManager {
    setManager(data) {
        const collapsedCategories = [...getCollapsedCategory(data.renderCollapsed)]
        const collapsedIds = []
        const tests = Object.values(data.tests).flat().map((test, index) => {
            const collapsed = collapsedCategories.includes(test.result.toLowerCase())
            const id = `test_${index}`
            if (collapsed) {
                collapsedIds.push(id)
            }
            return {
                ...test,
                id,
                collapsed,
            }
        })
        const dataBlob = { ...data, tests }
        this.data = { ...dataBlob }
        this.renderData = { ...dataBlob }
        setCollapsedIds(collapsedIds)
    }

    get allData() {
        return { ...this.data }
    }

    resetRender() {
        this.renderData = { ...this.data }
    }

    setRender(data) {
        this.renderData.tests = [...data]
    }

    toggleCollapsedItem(id) {
        this.renderData.tests = this.renderData.tests.map((test) =>
            test.id === id ? { ...test, collapsed: !test.collapsed } : test,
        )
    }

    set allCollapsed(collapsed) {
        this.renderData = { ...this.renderData, tests: [...this.renderData.tests.map((test) => (
            { ...test, collapsed }
        ))] }
    }

    get testSubset() {
        return [...this.renderData.tests]
    }

    get environment() {
        return this.renderData.environment
    }

    get initialSort() {
        return this.data.initialSort
    }
}

module.exports = {
    manager: new DataManager(),
}

},{"./storage.js":8}],2:[function(require,module,exports){
const mediaViewer = require('./mediaviewer.js')
const templateEnvRow = document.getElementById('template_environment_row')
const templateResult = document.getElementById('template_results-table__tbody')

function htmlToElements(html) {
    const temp = document.createElement('template')
    temp.innerHTML = html
    return temp.content.childNodes
}

const find = (selector, elem) => {
    if (!elem) {
        elem = document
    }
    return elem.querySelector(selector)
}

const findAll = (selector, elem) => {
    if (!elem) {
        elem = document
    }
    return [...elem.querySelectorAll(selector)]
}

const dom = {
    getStaticRow: (key, value) => {
        const envRow = templateEnvRow.content.cloneNode(true)
        const isObj = typeof value === 'object' && value !== null
        const values = isObj ? Object.keys(value).map((k) => `${k}: ${value[k]}`) : null

        const valuesElement = htmlToElements(
            values ? `<ul>${values.map((val) => `<li>${val}</li>`).join('')}<ul>` : `<div>${value}</div>`)[0]
        const td = findAll('td', envRow)
        td[0].textContent = key
        td[1].appendChild(valuesElement)

        return envRow
    },
    getResultTBody: ({ testId, id, log, extras, resultsTableRow, tableHtml, result, collapsed }) => {
        const resultBody = templateResult.content.cloneNode(true)
        resultBody.querySelector('tbody').classList.add(result.toLowerCase())
        resultBody.querySelector('tbody').id = testId
        resultBody.querySelector('.collapsible').dataset.id = id

        resultsTableRow.forEach((html) => {
            const t = document.createElement('template')
            t.innerHTML = html
            resultBody.querySelector('.collapsible').appendChild(t.content)
        })

        if (log) {
            // Wrap lines starting with "E" with span.error to color those lines red
            const wrappedLog = log.replace(/^E.*$/gm, (match) => `<span class="error">${match}</span>`)
            resultBody.querySelector('.log').innerHTML = wrappedLog
        } else {
            resultBody.querySelector('.log').remove()
        }

        if (collapsed) {
            resultBody.querySelector('.collapsible > td')?.classList.add('collapsed')
            resultBody.querySelector('.extras-row').classList.add('hidden')
        } else {
            resultBody.querySelector('.collapsible > td')?.classList.remove('collapsed')
        }

        const media = []
        extras?.forEach(({ name, format_type, content }) => {
            if (['image', 'video'].includes(format_type)) {
                media.push({ path: content, name, format_type })
            }

            if (format_type === 'html') {
                resultBody.querySelector('.extraHTML').insertAdjacentHTML('beforeend', `<div>${content}</div>`)
            }
        })
        mediaViewer.setup(resultBody, media)

        // Add custom html from the pytest_html_results_table_html hook
        tableHtml?.forEach((item) => {
            resultBody.querySelector('td[class="extra"]').insertAdjacentHTML('beforeend', item)
        })

        return resultBody
    },
}

module.exports = {
    dom,
    htmlToElements,
    find,
    findAll,
}

},{"./mediaviewer.js":6}],3:[function(require,module,exports){
const { manager } = require('./datamanager.js')
const { doSort } = require('./sort.js')
const storageModule = require('./storage.js')

const getFilteredSubSet = (filter) =>
    manager.allData.tests.filter(({ result }) => filter.includes(result.toLowerCase()))

const doInitFilter = () => {
    const currentFilter = storageModule.getVisible()
    const filteredSubset = getFilteredSubSet(currentFilter)
    manager.setRender(filteredSubset)
}

const doFilter = (type, show) => {
    if (show) {
        storageModule.showCategory(type)
    } else {
        storageModule.hideCategory(type)
    }

    const currentFilter = storageModule.getVisible()
    const filteredSubset = getFilteredSubSet(currentFilter)
    manager.setRender(filteredSubset)

    const sortColumn = storageModule.getSort()
    doSort(sortColumn, true)
}

module.exports = {
    doFilter,
    doInitFilter,
}

},{"./datamanager.js":1,"./sort.js":7,"./storage.js":8}],4:[function(require,module,exports){
const { redraw, bindEvents, renderStatic } = require('./main.js')
const { doInitFilter } = require('./filter.js')
const { doInitSort } = require('./sort.js')
const { manager } = require('./datamanager.js')
const data = JSON.parse(document.getElementById('data-container').dataset.jsonblob)

function init() {
    manager.setManager(data)
    doInitFilter()
    doInitSort()
    renderStatic()
    redraw()
    bindEvents()
}

init()

},{"./datamanager.js":1,"./filter.js":3,"./main.js":5,"./sort.js":7}],5:[function(require,module,exports){
const { dom, find, findAll } = require('./dom.js')
const { manager } = require('./datamanager.js')
const { doSort } = require('./sort.js')
const { doFilter } = require('./filter.js')
const {
    getVisible,
    getCollapsedIds,
    setCollapsedIds,
    getSort,
    getSortDirection,
    possibleFilters,
} = require('./storage.js')

const removeChildren = (node) => {
    while (node.firstChild) {
        node.removeChild(node.firstChild)
    }
}

const renderStatic = () => {
    const renderEnvironmentTable = () => {
        const environment = manager.environment
        const rows = Object.keys(environment).map((key) => dom.getStaticRow(key, environment[key]))
        const table = document.getElementById('environment')
        removeChildren(table)
        rows.forEach((row) => table.appendChild(row))
    }
    renderEnvironmentTable()
}

const addItemToggleListener = (elem) => {
    elem.addEventListener('click', ({ target }) => {
        const id = target.parentElement.dataset.id
        manager.toggleCollapsedItem(id)

        const collapsedIds = getCollapsedIds()
        if (collapsedIds.includes(id)) {
            const updated = collapsedIds.filter((item) => item !== id)
            setCollapsedIds(updated)
        } else {
            collapsedIds.push(id)
            setCollapsedIds(collapsedIds)
        }
        redraw()
    })
}

const renderContent = (tests) => {
    const sortAttr = getSort(manager.initialSort)
    const sortAsc = JSON.parse(getSortDirection())
    const rows = tests.map(dom.getResultTBody)
    const table = document.getElementById('results-table')
    const tableHeader = document.getElementById('results-table-head')

    const newTable = document.createElement('table')
    newTable.id = 'results-table'

    // remove all sorting classes and set the relevant
    findAll('.sortable', tableHeader).forEach((elem) => elem.classList.remove('asc', 'desc'))
    tableHeader.querySelector(`.sortable[data-column-type="${sortAttr}"]`).classList.add(sortAsc ? 'desc' : 'asc')
    newTable.appendChild(tableHeader)

    if (!rows.length) {
        const emptyTable = document.getElementById('template_results-table__body--empty').content.cloneNode(true)
        newTable.appendChild(emptyTable)
    } else {
        rows.forEach((row) => {
            if (!!row) {
                findAll('.collapsible td:not(.col-links', row).forEach(addItemToggleListener)
                find('.logexpander', row).addEventListener('click',
                    (evt) => evt.target.parentNode.classList.toggle('expanded'),
                )
                newTable.appendChild(row)
            }
        })
    }

    table.replaceWith(newTable)
}

const renderDerived = () => {
    const currentFilter = getVisible()
    possibleFilters.forEach((result) => {
        const input = document.querySelector(`input[data-test-result="${result}"]`)
        input.checked = currentFilter.includes(result)
    })
}

const bindEvents = () => {
    const filterColumn = (evt) => {
        const { target: element } = evt
        const { testResult } = element.dataset

        doFilter(testResult, element.checked)
        const collapsedIds = getCollapsedIds()
        const updated = manager.renderData.tests.map((test) => {
            return {
                ...test,
                collapsed: collapsedIds.includes(test.id),
            }
        })
        manager.setRender(updated)
        redraw()
    }

    const header = document.getElementById('environment-header')
    header.addEventListener('click', () => {
        const table = document.getElementById('environment')
        table.classList.toggle('hidden')
        header.classList.toggle('collapsed')
    })

    findAll('input[name="filter_checkbox"]').forEach((elem) => {
        elem.addEventListener('click', filterColumn)
    })

    findAll('.sortable').forEach((elem) => {
        elem.addEventListener('click', (evt) => {
            const { target: element } = evt
            const { columnType } = element.dataset
            doSort(columnType)
            redraw()
        })
    })

    document.getElementById('show_all_details').addEventListener('click', () => {
        manager.allCollapsed = false
        setCollapsedIds([])
        redraw()
    })
    document.getElementById('hide_all_details').addEventListener('click', () => {
        manager.allCollapsed = true
        const allIds = manager.renderData.tests.map((test) => test.id)
        setCollapsedIds(allIds)
        redraw()
    })
}

const redraw = () => {
    const { testSubset } = manager

    renderContent(testSubset)
    renderDerived()
}

module.exports = {
    redraw,
    bindEvents,
    renderStatic,
}

},{"./datamanager.js":1,"./dom.js":2,"./filter.js":3,"./sort.js":7,"./storage.js":8}],6:[function(require,module,exports){
class MediaViewer {
    constructor(assets) {
        this.assets = assets
        this.index = 0
    }

    nextActive() {
        this.index = this.index === this.assets.length - 1 ? 0 : this.index + 1
        return [this.activeFile, this.index]
    }

    prevActive() {
        this.index = this.index === 0 ? this.assets.length - 1 : this.index -1
        return [this.activeFile, this.index]
    }

    get currentIndex() {
        return this.index
    }

    get activeFile() {
        return this.assets[this.index]
    }
}


const setup = (resultBody, assets) => {
    if (!assets.length) {
        resultBody.querySelector('.media').classList.add('hidden')
        return
    }

    const mediaViewer = new MediaViewer(assets)
    const container = resultBody.querySelector('.media-container')
    const leftArrow = resultBody.querySelector('.media-container__nav--left')
    const rightArrow = resultBody.querySelector('.media-container__nav--right')
    const mediaName = resultBody.querySelector('.media__name')
    const counter = resultBody.querySelector('.media__counter')
    const imageEl = resultBody.querySelector('img')
    const sourceEl = resultBody.querySelector('source')
    const videoEl = resultBody.querySelector('video')

    const setImg = (media, index) => {
        if (media?.format_type === 'image') {
            imageEl.src = media.path

            imageEl.classList.remove('hidden')
            videoEl.classList.add('hidden')
        } else if (media?.format_type === 'video') {
            sourceEl.src = media.path

            videoEl.classList.remove('hidden')
            imageEl.classList.add('hidden')
        }

        mediaName.innerText = media?.name
        counter.innerText = `${index + 1} / ${assets.length}`
    }
    setImg(mediaViewer.activeFile, mediaViewer.currentIndex)

    const moveLeft = () => {
        const [media, index] = mediaViewer.prevActive()
        setImg(media, index)
    }
    const doRight = () => {
        const [media, index] = mediaViewer.nextActive()
        setImg(media, index)
    }
    const openImg = () => {
        window.open(mediaViewer.activeFile.path, '_blank')
    }
    if (assets.length === 1) {
        container.classList.add('media-container--fullscreen')
    } else {
        leftArrow.addEventListener('click', moveLeft)
        rightArrow.addEventListener('click', doRight)
    }
    imageEl.addEventListener('click', openImg)
}

module.exports = {
    setup,
}

},{}],7:[function(require,module,exports){
const { manager } = require('./datamanager.js')
const storageModule = require('./storage.js')

const genericSort = (list, key, ascending, customOrder) => {
    let sorted
    if (customOrder) {
        sorted = list.sort((a, b) => {
            const aValue = a.result.toLowerCase()
            const bValue = b.result.toLowerCase()

            const aIndex = customOrder.findIndex((item) => item.toLowerCase() === aValue)
            const bIndex = customOrder.findIndex((item) => item.toLowerCase() === bValue)

            // Compare the indices to determine the sort order
            return aIndex - bIndex
        })
    } else {
        sorted = list.sort((a, b) => a[key] === b[key] ? 0 : a[key] > b[key] ? 1 : -1)
    }

    if (ascending) {
        sorted.reverse()
    }
    return sorted
}

const durationSort = (list, ascending) => {
    const parseDuration = (duration) => {
        if (duration.includes(':')) {
            // If it's in the format "HH:mm:ss"
            const [hours, minutes, seconds] = duration.split(':').map(Number)
            return (hours * 3600 + minutes * 60 + seconds) * 1000
        } else {
            // If it's in the format "nnn ms"
            return parseInt(duration)
        }
    }
    const sorted = list.sort((a, b) => parseDuration(a['duration']) - parseDuration(b['duration']))
    if (ascending) {
        sorted.reverse()
    }
    return sorted
}

const doInitSort = () => {
    const type = storageModule.getSort(manager.initialSort)
    const ascending = storageModule.getSortDirection()
    const list = manager.testSubset
    const initialOrder = ['Error', 'Failed', 'Rerun', 'XFailed', 'XPassed', 'Skipped', 'Passed']

    storageModule.setSort(type)
    storageModule.setSortDirection(ascending)

    if (type?.toLowerCase() === 'original') {
        manager.setRender(list)
    } else {
        let sortedList
        switch (type) {
        case 'duration':
            sortedList = durationSort(list, ascending)
            break
        case 'result':
            sortedList = genericSort(list, type, ascending, initialOrder)
            break
        default:
            sortedList = genericSort(list, type, ascending)
            break
        }
        manager.setRender(sortedList)
    }
}

const doSort = (type, skipDirection) => {
    const newSortType = storageModule.getSort(manager.initialSort) !== type
    const currentAsc = storageModule.getSortDirection()
    let ascending
    if (skipDirection) {
        ascending = currentAsc
    } else {
        ascending = newSortType ? false : !currentAsc
    }
    storageModule.setSort(type)
    storageModule.setSortDirection(ascending)

    const list = manager.testSubset
    const sortedList = type === 'duration' ? durationSort(list, ascending) : genericSort(list, type, ascending)
    manager.setRender(sortedList)
}

module.exports = {
    doInitSort,
    doSort,
}

},{"./datamanager.js":1,"./storage.js":8}],8:[function(require,module,exports){
const possibleFilters = [
    'passed',
    'skipped',
    'failed',
    'error',
    'xfailed',
    'xpassed',
    'rerun',
]

const getVisible = () => {
    const url = new URL(window.location.href)
    const settings = new URLSearchParams(url.search).get('visible')
    const lower = (item) => {
        const lowerItem = item.toLowerCase()
        if (possibleFilters.includes(lowerItem)) {
            return lowerItem
        }
        return null
    }
    return settings === null ?
        possibleFilters :
        [...new Set(settings?.split(',').map(lower).filter((item) => item))]
}

const hideCategory = (categoryToHide) => {
    const url = new URL(window.location.href)
    const visibleParams = new URLSearchParams(url.search).get('visible')
    const currentVisible = visibleParams ? visibleParams.split(',') : [...possibleFilters]
    const settings = [...new Set(currentVisible)].filter((f) => f !== categoryToHide).join(',')

    url.searchParams.set('visible', settings)
    window.history.pushState({}, null, unescape(url.href))
}

const showCategory = (categoryToShow) => {
    if (typeof window === 'undefined') {
        return
    }
    const url = new URL(window.location.href)
    const currentVisible = new URLSearchParams(url.search).get('visible')?.split(',').filter(Boolean) ||
        [...possibleFilters]
    const settings = [...new Set([categoryToShow, ...currentVisible])]
    const noFilter = possibleFilters.length === settings.length || !settings.length

    noFilter ? url.searchParams.delete('visible') : url.searchParams.set('visible', settings.join(','))
    window.history.pushState({}, null, unescape(url.href))
}

const getSort = (initialSort) => {
    const url = new URL(window.location.href)
    let sort = new URLSearchParams(url.search).get('sort')
    if (!sort) {
        sort = initialSort || 'result'
    }
    return sort
}

const setSort = (type) => {
    const url = new URL(window.location.href)
    url.searchParams.set('sort', type)
    window.history.pushState({}, null, unescape(url.href))
}

const getCollapsedCategory = (renderCollapsed) => {
    let categories
    if (typeof window !== 'undefined') {
        const url = new URL(window.location.href)
        const collapsedItems = new URLSearchParams(url.search).get('collapsed')
        switch (true) {
        case !renderCollapsed && collapsedItems === null:
            categories = ['passed']
            break
        case collapsedItems?.length === 0 || /^["']{2}$/.test(collapsedItems):
            categories = []
            break
        case /^all$/.test(collapsedItems) || collapsedItems === null && /^all$/.test(renderCollapsed):
            categories = [...possibleFilters]
            break
        default:
            categories = collapsedItems?.split(',').map((item) => item.toLowerCase()) || renderCollapsed
            break
        }
    } else {
        categories = []
    }
    return categories
}

const getSortDirection = () => JSON.parse(sessionStorage.getItem('sortAsc')) || false
const setSortDirection = (ascending) => sessionStorage.setItem('sortAsc', ascending)

const getCollapsedIds = () => JSON.parse(sessionStorage.getItem('collapsedIds')) || []
const setCollapsedIds = (list) => sessionStorage.setItem('collapsedIds', JSON.stringify(list))

module.exports = {
    getVisible,
    hideCategory,
    showCategory,
    getCollapsedIds,
    setCollapsedIds,
    getSort,
    setSort,
    getSortDirection,
    setSortDirection,
    getCollapsedCategory,
    possibleFilters,
}

},{}]},{},[4]);
    </script>
  </footer>
</html>